#
# There is insufficient memory for the Java Runtime Environment to continue.
# Native memory allocation (malloc) failed to allocate 43515904 bytes for committing reserved memory.
# Possible reasons:
#   The system is out of physical RAM or swap space
#   In 32 bit mode, the process size limit was hit
# Possible solutions:
#   Reduce memory load on the system
#   Increase physical memory or swap space
#   Check if swap backing store is full
#   Use 64 bit Java on a 64 bit OS
#   Decrease Java heap size (-Xmx/-Xms)
#   Decrease number of Java threads
#   Decrease Java thread stack sizes (-Xss)
#   Set larger code cache with -XX:ReservedCodeCacheSize=
# This output file may be truncated or incomplete.
#
#  Out of Memory Error (os_linux.cpp:2809), pid=3169, tid=140539324581632
#
# JRE version: OpenJDK Runtime Environment (7.0_79-b14) (build 1.7.0_79-b14)
# Java VM: OpenJDK 64-Bit Server VM (24.79-b02 mixed mode linux-amd64 compressed oops)
# Derivative: IcedTea 2.5.6
# Distribution: Ubuntu 14.04 LTS, package 7u79-2.5.6-0ubuntu1.14.04.1
# Failed to write core dump. Core dumps have been disabled. To enable core dumping, try "ulimit -c unlimited" before starting Java again
#

---------------  T H R E A D  ---------------

Current thread (0x00007fd1d8071800):  VMThread [stack: 0x00007fd1dc74c000,0x00007fd1dc84d000] [id=3174]

Stack: [0x00007fd1dc74c000,0x00007fd1dc84d000],  sp=0x00007fd1dc84b490,  free space=1021k
Native frames: (J=compiled Java code, j=interpreted, Vv=VM code, C=native code)
V  [libjvm.so+0x94afd5]  VMError::report_and_die()+0x175
V  [libjvm.so+0x48b9f4]  report_vm_out_of_memory(char const*, int, unsigned long, char const*)+0x74
V  [libjvm.so+0x7c809b]  os::pd_commit_memory(char*, unsigned long, unsigned long, bool)+0xeb
V  [libjvm.so+0x7c2b3f]  os::commit_memory(char*, unsigned long, unsigned long, bool)+0x1f
V  [libjvm.so+0x83503b]  PSVirtualSpace::expand_by(unsigned long)+0x5b
V  [libjvm.so+0x835e90]  PSYoungGen::resize_generation(unsigned long, unsigned long)+0xb0
V  [libjvm.so+0x83657b]  PSYoungGen::resize(unsigned long, unsigned long)+0x1b
V  [libjvm.so+0x832860]  PSScavenge::invoke_no_policy()+0xde0
V  [libjvm.so+0x833038]  PSScavenge::invoke()+0x38
V  [libjvm.so+0x7e9723]  ParallelScavengeHeap::failed_mem_allocate(unsigned long)+0x63
V  [libjvm.so+0x94c9d4]  VM_ParallelGCFailedAllocation::doit()+0x84
V  [libjvm.so+0x950ed7]  VM_Operation::evaluate()+0x47
V  [libjvm.so+0x94f848]  VMThread::evaluate_operation(VM_Operation*)+0x318
V  [libjvm.so+0x94fca9]  VMThread::loop()+0x219
V  [libjvm.so+0x9500f2]  VMThread::run()+0x72
V  [libjvm.so+0x7c4f62]  java_start(Thread*)+0xf2

VM_Operation (0x00007fd19bef5c60): ParallelGCFailedAllocation, mode: safepoint, requested by thread 0x00007fd19c00b800


---------------  P R O C E S S  ---------------

Java Threads: ( => current thread )
  0x0000000000f55000 JavaThread "File lock request listener" [_thread_in_native, id=3194, stack(0x00007fd19bbc3000,0x00007fd19bcc4000)]
  0x0000000000ca3800 JavaThread "process reaper" daemon [_thread_blocked, id=3193, stack(0x00007fd19bcc4000,0x00007fd19bcfd000)]
  0x0000000000a14800 JavaThread "Stdin handler" [_thread_blocked, id=3190, stack(0x00007fd19bcfd000,0x00007fd19bdfe000)]
  0x00007fd19c00b800 JavaThread "Daemon worker" [_thread_blocked, id=3187, stack(0x00007fd19bdfe000,0x00007fd19beff000)]
  0x00007fd19c00b000 JavaThread "Cancel handler" [_thread_blocked, id=3186, stack(0x00007fd19beff000,0x00007fd19c000000)]
  0x00007fd19c001800 JavaThread "Handler for socket connection from /127.0.0.1:46548 to /127.0.0.1:52868" [_thread_in_native, id=3185, stack(0x00007fd1d0082000,0x00007fd1d0183000)]
  0x00007fd1a8025800 JavaThread "Daemon" [_thread_blocked, id=3184, stack(0x00007fd1d0183000,0x00007fd1d0284000)]
  0x00007fd1d8ad2800 JavaThread "Incoming local TCP Connector on port 46548" [_thread_in_native, id=3183, stack(0x00007fd1d0284000,0x00007fd1d0385000)]
  0x00007fd1d80ac000 JavaThread "Service Thread" daemon [_thread_blocked, id=3180, stack(0x00007fd1dc146000,0x00007fd1dc247000)]
  0x00007fd1d80a9800 JavaThread "C2 CompilerThread1" daemon [_thread_blocked, id=3179, stack(0x00007fd1dc247000,0x00007fd1dc348000)]
  0x00007fd1d80a6800 JavaThread "C2 CompilerThread0" daemon [_thread_blocked, id=3178, stack(0x00007fd1dc348000,0x00007fd1dc449000)]
  0x00007fd1d80a4800 JavaThread "Signal Dispatcher" daemon [_thread_blocked, id=3177, stack(0x00007fd1dc449000,0x00007fd1dc54a000)]
  0x00007fd1d8077800 JavaThread "Finalizer" daemon [_thread_blocked, id=3176, stack(0x00007fd1dc54a000,0x00007fd1dc64b000)]
  0x00007fd1d8075800 JavaThread "Reference Handler" daemon [_thread_blocked, id=3175, stack(0x00007fd1dc64b000,0x00007fd1dc74c000)]
  0x00007fd1d800a800 JavaThread "main" [_thread_blocked, id=3171, stack(0x00007fd1e1132000,0x00007fd1e1233000)]

Other Threads:
=>0x00007fd1d8071800 VMThread [stack: 0x00007fd1dc74c000,0x00007fd1dc84d000] [id=3174]
  0x00007fd1d80b6800 WatcherThread [stack: 0x00007fd1dc045000,0x00007fd1dc146000] [id=3181]

VM state:at safepoint (normal execution)

VM Mutex/Monitor currently owned by a thread:  ([mutex/lock_event])
[0x00007fd1d8006970] Threads_lock - owner thread: 0x00007fd1d8071800
[0x00007fd1d8006e70] Heap_lock - owner thread: 0x00007fd19c00b800

Heap
 PSYoungGen      total 69120K, used 5108K [0x00000000eaa80000, 0x00000000ef400000, 0x0000000100000000)
  eden space 64000K, 0% used [0x00000000eaa80000,0x00000000eaa80000,0x00000000ee900000)
  from space 5120K, 99% used [0x00000000ee900000,0x00000000eedfd010,0x00000000eee00000)
  to   space 4096K, 0% used [0x00000000eee00000,0x00000000eee00000,0x00000000ef200000)
 ParOldGen       total 20992K, used 18344K [0x00000000c0000000, 0x00000000c1480000, 0x00000000eaa80000)
  object space 20992K, 87% used [0x00000000c0000000,0x00000000c11ea138,0x00000000c1480000)
 PSPermGen       total 33792K, used 33502K [0x00000000b0000000, 0x00000000b2100000, 0x00000000c0000000)
  object space 33792K, 99% used [0x00000000b0000000,0x00000000b20b7a88,0x00000000b2100000)

Card table byte_map: [0x00007fd1ddb04000,0x00007fd1ddd85000] byte_map_base: 0x00007fd1dd584000

Polling page: 0x00007fd1e1262000

Code Cache  [0x00007fd1d5000000, 0x00007fd1d52e0000, 0x00007fd1d8000000)
 total_blobs=1040 nmethods=456 adapters=538 free_code_cache=46386Kb largest_free_block=47320512

Compilation events (10 events):
Event: 18.756 Thread 0x00007fd1d80a9800 nmethod 489 0x00007fd1d5069350 code [0x00007fd1d50694c0, 0x00007fd1d5069a18]
Event: 18.756 Thread 0x00007fd1d80a9800  490             java.lang.reflect.Method::getGenericSignature (5 bytes)
Event: 18.756 Thread 0x00007fd1d80a9800 nmethod 490 0x00007fd1d529b6d0 code [0x00007fd1d529b800, 0x00007fd1d529b858]
Event: 18.756 Thread 0x00007fd1d80a9800  491             java.lang.Class::getTypeParameters (26 bytes)
Event: 18.764 Thread 0x00007fd1d80a9800 nmethod 491 0x00007fd1d5068650 code [0x00007fd1d5068820, 0x00007fd1d5068e20]
Event: 18.764 Thread 0x00007fd1d80a9800  492             org.codehaus.groovy.reflection.GeneratedMetaMethod::getModifiers (2 bytes)
Event: 18.765 Thread 0x00007fd1d80a9800 nmethod 492 0x00007fd1d5246890 code [0x00007fd1d52469c0, 0x00007fd1d5246a18]
Event: 18.765 Thread 0x00007fd1d80a9800  493             java.lang.Math::min (46 bytes)
Event: 18.796 Thread 0x00007fd1d80a9800 nmethod 493 0x00007fd1d521a210 code [0x00007fd1d521a360, 0x00007fd1d521a3f8]
Event: 18.796 Thread 0x00007fd1d80a9800  494             groovy.lang.MetaClassImpl::populateMethods (400 bytes)

GC Heap History (10 events):
Event: 8.445 GC heap after
Heap after GC invocations=10 (full 0):
 PSYoungGen      total 29184K, used 2183K [0x00000000eaa80000, 0x00000000eca80000, 0x0000000100000000)
  eden space 25600K, 0% used [0x00000000eaa80000,0x00000000eaa80000,0x00000000ec380000)
  from space 3584K, 60% used [0x00000000ec700000,0x00000000ec921f68,0x00000000eca80000)
  to   space 3584K, 0% used [0x00000000ec380000,0x00000000ec380000,0x00000000ec700000)
 ParOldGen       total 20992K, used 7302K [0x00000000c0000000, 0x00000000c1480000, 0x00000000eaa80000)
  object space 20992K, 34% used [0x00000000c0000000,0x00000000c0721b48,0x00000000c1480000)
 PSPermGen       total 21504K, used 18409K [0x00000000b0000000, 0x00000000b1500000, 0x00000000c0000000)
  object space 21504K, 85% used [0x00000000b0000000,0x00000000b11fa798,0x00000000b1500000)
}
Event: 9.803 GC heap before
{Heap before GC invocations=11 (full 0):
 PSYoungGen      total 29184K, used 27783K [0x00000000eaa80000, 0x00000000eca80000, 0x0000000100000000)
  eden space 25600K, 100% used [0x00000000eaa80000,0x00000000ec380000,0x00000000ec380000)
  from space 3584K, 60% used [0x00000000ec700000,0x00000000ec921f68,0x00000000eca80000)
  to   space 3584K, 0% used [0x00000000ec380000,0x00000000ec380000,0x00000000ec700000)
 ParOldGen       total 20992K, used 7302K [0x00000000c0000000, 0x00000000c1480000, 0x00000000eaa80000)
  object space 20992K, 34% used [0x00000000c0000000,0x00000000c0721b48,0x00000000c1480000)
 PSPermGen       total 21504K, used 20578K [0x00000000b0000000, 0x00000000b1500000, 0x00000000c0000000)
  object space 21504K, 95% used [0x00000000b0000000,0x00000000b1418aa8,0x00000000b1500000)
Event: 9.820 GC heap after
Heap after GC invocations=11 (full 0):
 PSYoungGen      total 29184K, used 3001K [0x00000000eaa80000, 0x00000000ed980000, 0x0000000100000000)
  eden space 25600K, 0% used [0x00000000eaa80000,0x00000000eaa80000,0x00000000ec380000)
  from space 3584K, 83% used [0x00000000ec380000,0x00000000ec66e600,0x00000000ec700000)
  to   space 3584K, 0% used [0x00000000ed600000,0x00000000ed600000,0x00000000ed980000)
 ParOldGen       total 20992K, used 8118K [0x00000000c0000000, 0x00000000c1480000, 0x00000000eaa80000)
  object space 20992K, 38% used [0x00000000c0000000,0x00000000c07edb88,0x00000000c1480000)
 PSPermGen       total 21504K, used 20578K [0x00000000b0000000, 0x00000000b1500000, 0x00000000c0000000)
  object space 21504K, 95% used [0x00000000b0000000,0x00000000b1418aa8,0x00000000b1500000)
}
Event: 10.634 GC heap before
{Heap before GC invocations=12 (full 0):
 PSYoungGen      total 29184K, used 28601K [0x00000000eaa80000, 0x00000000ed980000, 0x0000000100000000)
  eden space 25600K, 100% used [0x00000000eaa80000,0x00000000ec380000,0x00000000ec380000)
  from space 3584K, 83% used [0x00000000ec380000,0x00000000ec66e600,0x00000000ec700000)
  to   space 3584K, 0% used [0x00000000ed600000,0x00000000ed600000,0x00000000ed980000)
 ParOldGen       total 20992K, used 8118K [0x00000000c0000000, 0x00000000c1480000, 0x00000000eaa80000)
  object space 20992K, 38% used [0x00000000c0000000,0x00000000c07edb88,0x00000000c1480000)
 PSPermGen       total 22528K, used 22187K [0x00000000b0000000, 0x00000000b1600000, 0x00000000c0000000)
  object space 22528K, 98% used [0x00000000b0000000,0x00000000b15aad98,0x00000000b1600000)
Event: 10.649 GC heap after
Heap after GC invocations=12 (full 0):
 PSYoungGen      total 44032K, used 3244K [0x00000000eaa80000, 0x00000000eda80000, 0x0000000100000000)
  eden space 40448K, 0% used [0x00000000eaa80000,0x00000000eaa80000,0x00000000ed200000)
  from space 3584K, 90% used [0x00000000ed600000,0x00000000ed92b160,0x00000000ed980000)
  to   space 4096K, 0% used [0x00000000ed200000,0x00000000ed200000,0x00000000ed600000)
 ParOldGen       total 20992K, used 9550K [0x00000000c0000000, 0x00000000c1480000, 0x00000000eaa80000)
  object space 20992K, 45% used [0x00000000c0000000,0x00000000c0953ba8,0x00000000c1480000)
 PSPermGen       total 22528K, used 22187K [0x00000000b0000000, 0x00000000b1600000, 0x00000000c0000000)
  object space 22528K, 98% used [0x00000000b0000000,0x00000000b15aad98,0x00000000b1600000)
}
Event: 12.530 GC heap before
{Heap before GC invocations=13 (full 0):
 PSYoungGen      total 44032K, used 43692K [0x00000000eaa80000, 0x00000000eda80000, 0x0000000100000000)
  eden space 40448K, 100% used [0x00000000eaa80000,0x00000000ed200000,0x00000000ed200000)
  from space 3584K, 90% used [0x00000000ed600000,0x00000000ed92b160,0x00000000ed980000)
  to   space 4096K, 0% used [0x00000000ed200000,0x00000000ed200000,0x00000000ed600000)
 ParOldGen       total 20992K, used 9550K [0x00000000c0000000, 0x00000000c1480000, 0x00000000eaa80000)
  object space 20992K, 45% used [0x00000000c0000000,0x00000000c0953ba8,0x00000000c1480000)
 PSPermGen       total 26112K, used 25641K [0x00000000b0000000, 0x00000000b1980000, 0x00000000c0000000)
  object space 26112K, 98% used [0x00000000b0000000,0x00000000b190a798,0x00000000b1980000)
Event: 12.550 GC heap after
Heap after GC invocations=13 (full 0):
 PSYoungGen      total 44544K, used 3182K [0x00000000eaa80000, 0x00000000ef200000, 0x0000000100000000)
  eden space 40448K, 0% used [0x00000000eaa80000,0x00000000eaa80000,0x00000000ed200000)
  from space 4096K, 77% used [0x00000000ed200000,0x00000000ed51bb68,0x00000000ed600000)
  to   space 4096K, 0% used [0x00000000eee00000,0x00000000eee00000,0x00000000ef200000)
 ParOldGen       total 20992K, used 11402K [0x00000000c0000000, 0x00000000c1480000, 0x00000000eaa80000)
  object space 20992K, 54% used [0x00000000c0000000,0x00000000c0b22bb8,0x00000000c1480000)
 PSPermGen       total 26112K, used 25641K [0x00000000b0000000, 0x00000000b1980000, 0x00000000c0000000)
  object space 26112K, 98% used [0x00000000b0000000,0x00000000b190a798,0x00000000b1980000)
}
Event: 15.865 GC heap before
{Heap before GC invocations=14 (full 0):
 PSYoungGen      total 44544K, used 43628K [0x00000000eaa80000, 0x00000000ef200000, 0x0000000100000000)
  eden space 40448K, 99% used [0x00000000eaa80000,0x00000000ed1ff840,0x00000000ed200000)
  from space 4096K, 77% used [0x00000000ed200000,0x00000000ed51bb68,0x00000000ed600000)
  to   space 4096K, 0% used [0x00000000eee00000,0x00000000eee00000,0x00000000ef200000)
 ParOldGen       total 20992K, used 11402K [0x00000000c0000000, 0x00000000c1480000, 0x00000000eaa80000)
  object space 20992K, 54% used [0x00000000c0000000,0x00000000c0b22bb8,0x00000000c1480000)
 PSPermGen       total 28672K, used 28500K [0x00000000b0000000, 0x00000000b1c00000, 0x00000000c0000000)
  object space 28672K, 99% used [0x00000000b0000000,0x00000000b1bd5148,0x00000000b1c00000)
Event: 15.881 GC heap after
Heap after GC invocations=14 (full 0):
 PSYoungGen      total 68096K, used 4094K [0x00000000eaa80000, 0x00000000ef400000, 0x0000000100000000)
  eden space 64000K, 0% used [0x00000000eaa80000,0x00000000eaa80000,0x00000000ee900000)
  from space 4096K, 99% used [0x00000000eee00000,0x00000000ef1ff8c8,0x00000000ef200000)
  to   space 5120K, 0% used [0x00000000ee900000,0x00000000ee900000,0x00000000eee00000)
 ParOldGen       total 20992K, used 12475K [0x00000000c0000000, 0x00000000c1480000, 0x00000000eaa80000)
  object space 20992K, 59% used [0x00000000c0000000,0x00000000c0c2ed48,0x00000000c1480000)
 PSPermGen       total 28672K, used 28500K [0x00000000b0000000, 0x00000000b1c00000, 0x00000000c0000000)
  object space 28672K, 99% used [0x00000000b0000000,0x00000000b1bd5148,0x00000000b1c00000)
}
Event: 19.200 GC heap before
{Heap before GC invocations=15 (full 0):
 PSYoungGen      total 68096K, used 68094K [0x00000000eaa80000, 0x00000000ef400000, 0x0000000100000000)
  eden space 64000K, 100% used [0x00000000eaa80000,0x00000000ee900000,0x00000000ee900000)
  from space 4096K, 99% used [0x00000000eee00000,0x00000000ef1ff8c8,0x00000000ef200000)
  to   space 5120K, 0% used [0x00000000ee900000,0x00000000ee900000,0x00000000eee00000)
 ParOldGen       total 20992K, used 12475K [0x00000000c0000000, 0x00000000c1480000, 0x00000000eaa80000)
  object space 20992K, 59% used [0x00000000c0000000,0x00000000c0c2ed48,0x00000000c1480000)
 PSPermGen       total 33792K, used 33502K [0x00000000b0000000, 0x00000000b2100000, 0x00000000c0000000)
  object space 33792K, 99% used [0x00000000b0000000,0x00000000b20b7a88,0x00000000b2100000)

Deoptimization events (10 events):
Event: 15.272 Thread 0x00007fd19c00b800 Uncommon trap: reason=bimorphic action=maybe_recompile pc=0x00007fd1d5071f54 method=java.util.regex.Pattern$Slice.match(Ljava/util/regex/Matcher;ILjava/lang/CharSequence;)Z @ 75
Event: 15.498 Thread 0x00007fd19c00b800 Uncommon trap: reason=class_check action=maybe_recompile pc=0x00007fd1d51ce508 method=java.util.Hashtable.put(Ljava/lang/Object;Ljava/lang/Object;)Ljava/lang/Object; @ 61
Event: 15.498 Thread 0x00007fd19c00b800 Uncommon trap: reason=class_check action=maybe_recompile pc=0x00007fd1d51ce508 method=java.util.Hashtable.put(Ljava/lang/Object;Ljava/lang/Object;)Ljava/lang/Object; @ 61
Event: 15.605 Thread 0x00007fd19c00b800 Uncommon trap: reason=unreached action=reinterpret pc=0x00007fd1d527a0f8 method=org.codehaus.groovy.runtime.metaclass.MetaMethodIndex.copyNonPrivateNonNewMetaMethods(Lorg/codehaus/groovy/runtime/metaclass/MetaMethodIndex$Entry;Lorg/codehaus/groovy/runtime
Event: 15.606 Thread 0x00007fd19c00b800 Uncommon trap: reason=unreached action=reinterpret pc=0x00007fd1d51fd770 method=groovy.lang.MetaClassImpl$1MOPIter.methodNameAction(Ljava/lang/Class;Lorg/codehaus/groovy/runtime/metaclass/MetaMethodIndex$Entry;)V @ 259
Event: 15.745 Thread 0x00007fd19c00b800 Uncommon trap: reason=unreached action=reinterpret pc=0x00007fd1d506f83c method=java.util.Properties$LineReader.readLine()I @ 97
Event: 16.362 Thread 0x00007fd19c00b800 Uncommon trap: reason=unreached action=reinterpret pc=0x00007fd1d509dac0 method=java.util.HashMap.put(Ljava/lang/Object;Ljava/lang/Object;)Ljava/lang/Object; @ 19
Event: 16.420 Thread 0x00007fd19c00b800 Uncommon trap: reason=class_check action=maybe_recompile pc=0x00007fd1d51f6590 method=org.codehaus.groovy.runtime.metaclass.MetaMethodIndex.addMethodToList(Ljava/lang/Object;Lgroovy/lang/MetaMethod;)Ljava/lang/Object; @ 218
Event: 16.420 Thread 0x00007fd19c00b800 Uncommon trap: reason=class_check action=maybe_recompile pc=0x00007fd1d51f6590 method=org.codehaus.groovy.runtime.metaclass.MetaMethodIndex.addMethodToList(Ljava/lang/Object;Lgroovy/lang/MetaMethod;)Ljava/lang/Object; @ 218
Event: 16.986 Thread 0x00007fd19c00b800 Uncommon trap: reason=predicate action=maybe_recompile pc=0x00007fd1d529ce2c method=java.util.ComparableTimSort.binarySort([Ljava/lang/Object;III)V @ 37

Internal exceptions (10 events):
Event: 19.185 Thread 0x00007fd19c00b800 Threw 0x00000000ee8b67a0 at /build/openjdk-7-FO0dNI/openjdk-7-7u79-2.5.6/build/openjdk/hotspot/src/share/vm/prims/jvm.cpp:1284
Event: 19.185 Thread 0x00007fd19c00b800 Threw 0x00000000ee8c3450 at /build/openjdk-7-FO0dNI/openjdk-7-7u79-2.5.6/build/openjdk/hotspot/src/share/vm/prims/jvm.cpp:1284
Event: 19.185 Thread 0x00007fd19c00b800 Threw 0x00000000ee8c80b0 at /build/openjdk-7-FO0dNI/openjdk-7-7u79-2.5.6/build/openjdk/hotspot/src/share/vm/prims/jvm.cpp:1284
Event: 19.185 Thread 0x00007fd19c00b800 Threw 0x00000000ee8c8760 at /build/openjdk-7-FO0dNI/openjdk-7-7u79-2.5.6/build/openjdk/hotspot/src/share/vm/classfile/systemDictionary.cpp:185
Event: 19.197 Thread 0x00007fd19c00b800 Threw 0x00000000ee8f2bf8 at /build/openjdk-7-FO0dNI/openjdk-7-7u79-2.5.6/build/openjdk/hotspot/src/share/vm/prims/jvm.cpp:1284
Event: 19.197 Thread 0x00007fd19c00b800 Threw 0x00000000ee8f3bc0 at /build/openjdk-7-FO0dNI/openjdk-7-7u79-2.5.6/build/openjdk/hotspot/src/share/vm/prims/jvm.cpp:1284
Event: 19.198 Thread 0x00007fd19c00b800 Threw 0x00000000ee8f82e8 at /build/openjdk-7-FO0dNI/openjdk-7-7u79-2.5.6/build/openjdk/hotspot/src/share/vm/prims/jvm.cpp:1284
Event: 19.198 Thread 0x00007fd19c00b800 Threw 0x00000000ee8f9c70 at /build/openjdk-7-FO0dNI/openjdk-7-7u79-2.5.6/build/openjdk/hotspot/src/share/vm/prims/jvm.cpp:1284
Event: 19.198 Thread 0x00007fd19c00b800 Threw 0x00000000ee8fb628 at /build/openjdk-7-FO0dNI/openjdk-7-7u79-2.5.6/build/openjdk/hotspot/src/share/vm/prims/jvm.cpp:1284
Event: 19.198 Thread 0x00007fd19c00b800 Threw 0x00000000ee8fc5f0 at /build/openjdk-7-FO0dNI/openjdk-7-7u79-2.5.6/build/openjdk/hotspot/src/share/vm/prims/jvm.cpp:1284

Events (10 events):
Event: 19.185 loading class 0x000000000148b840 done
Event: 19.185 loading class 0x000000000148b840
Event: 19.185 loading class 0x000000000148b840 done
Event: 19.197 loading class 0x000000000148b890
Event: 19.197 loading class 0x000000000148b890 done
Event: 19.198 loading class 0x000000000148b890
Event: 19.198 loading class 0x000000000148b890 done
Event: 19.198 loading class 0x000000000148b890
Event: 19.198 loading class 0x000000000148b890 done
Event: 19.200 Executing VM operation: ParallelGCFailedAllocation


Dynamic libraries:
00400000-00401000 r-xp 00000000 08:06 31201051                           /usr/lib/jvm/java-7-openjdk-amd64/jre/bin/java
00600000-00601000 r--p 00000000 08:06 31201051                           /usr/lib/jvm/java-7-openjdk-amd64/jre/bin/java
00601000-00602000 rw-p 00001000 08:06 31201051                           /usr/lib/jvm/java-7-openjdk-amd64/jre/bin/java
009ea000-0162c000 rw-p 00000000 00:00 0                                  [heap]
b0000000-b2100000 rw-p 00000000 00:00 0 
b2100000-c0000000 rw-p 00000000 00:00 0 
c0000000-c1480000 rw-p 00000000 00:00 0 
c1480000-eaa80000 rw-p 00000000 00:00 0 
eaa80000-ef400000 rw-p 00000000 00:00 0 
f1d80000-100000000 rw-p 00000000 00:00 0 
7fd194000000-7fd194021000 rw-p 00000000 00:00 0 
7fd194021000-7fd198000000 ---p 00000000 00:00 0 
7fd19bacb000-7fd19bacc000 rw-p 00000000 00:00 0 
7fd19bacc000-7fd19bace000 r--s 0000d000 00:19 6293050                    /home/chenbotang/android-studio/gradle/m2repository/commons-codec/commons-codec/1.4/commons-codec-1.4.jar
7fd19bace000-7fd19bad0000 r--s 0000d000 00:19 6292810                    /home/chenbotang/android-studio/gradle/m2repository/commons-logging/commons-logging/1.1.1/commons-logging-1.1.1.jar
7fd19bad0000-7fd19bad5000 r--s 00028000 00:19 6292875                    /home/chenbotang/android-studio/gradle/m2repository/org/apache/httpcomponents/httpcore/4.1/httpcore-4.1.jar
7fd19bad5000-7fd19badd000 r--s 000a8000 00:19 6426182                    /home/chenbotang/android-studio/gradle/m2repository/com/android/tools/external/lombok/lombok-ast/0.2.3/lombok-ast-0.2.3.jar
7fd19badd000-7fd19bade000 r--s 0000a000 00:19 6293046                    /home/chenbotang/android-studio/gradle/m2repository/net/sf/kxml/kxml2/2.3.0/kxml2-2.3.0.jar
7fd19bade000-7fd19badf000 r--s 00005000 00:19 6292954                    /home/chenbotang/android-studio/gradle/m2repository/com/android/tools/dvlib/24.2.3/dvlib-24.2.3.jar
7fd19badf000-7fd19bae6000 r--s 00053000 00:19 6292892                    /home/chenbotang/android-studio/gradle/m2repository/org/apache/commons/commons-compress/1.8.1/commons-compress-1.8.1.jar
7fd19bae6000-7fd19bae8000 r--s 00005000 00:19 6292868                    /home/chenbotang/android-studio/gradle/m2repository/org/apache/httpcomponents/httpmime/4.1/httpmime-4.1.jar
7fd19bae8000-7fd19baf0000 r--s 0004e000 00:19 6292884                    /home/chenbotang/android-studio/gradle/m2repository/org/apache/httpcomponents/httpclient/4.1.1/httpclient-4.1.1.jar
7fd19baf0000-7fd19baf3000 r--s 00012000 00:19 6292935                    /home/chenbotang/android-studio/gradle/m2repository/com/android/tools/layoutlib/layoutlib-api/24.2.3/layoutlib-api-24.2.3.jar
7fd19baf3000-7fd19baf4000 r--s 00001000 00:19 7736292                    /home/chenbotang/android-studio/gradle/m2repository/com/android/tools/annotations/24.2.3/annotations-24.2.3.jar
7fd19baf4000-7fd19bb1f000 r--s 001f9000 00:19 6293021                    /home/chenbotang/android-studio/gradle/m2repository/com/google/guava/guava/17.0/guava-17.0.jar
7fd19bb1f000-7fd19bb20000 r--s 00004000 00:19 6423056                    /home/chenbotang/android-studio/gradle/m2repository/org/ow2/asm/asm-analysis/5.0.3/asm-analysis-5.0.3.jar
7fd19bb20000-7fd19bb23000 r--s 0002b000 00:19 6292931                    /home/chenbotang/android-studio/gradle/m2repository/com/android/tools/lint/lint-api/24.2.3/lint-api-24.2.3.jar
7fd19bb23000-7fd19bb31000 r--s 00081000 00:19 6292910                    /home/chenbotang/android-studio/gradle/m2repository/org/bouncycastle/bcpkix-jdk15on/1.48/bcpkix-jdk15on-1.48.jar
7fd19bb31000-7fd19bb36000 r--s 0002a000 00:19 6423160                    /home/chenbotang/android-studio/gradle/m2repository/com/google/code/gson/gson/2.2.4/gson-2.2.4.jar
7fd19bb36000-7fd19bb3b000 r--s 00042000 00:19 6292964                    /home/chenbotang/android-studio/gradle/m2repository/com/android/tools/ddms/ddmlib/24.2.3/ddmlib-24.2.3.jar
7fd19bb3b000-7fd19bb3f000 r--s 00029000 00:19 6292991                    /home/chenbotang/android-studio/gradle/m2repository/com/android/tools/build/manifest-merger/24.2.3/manifest-merger-24.2.3.jar
7fd19bb3f000-7fd19bb49000 r--s 000a9000 00:19 6292995                    /home/chenbotang/android-studio/gradle/m2repository/com/android/tools/sdklib/24.2.3/sdklib-24.2.3.jar
7fd19bb49000-7fd19bb4b000 r--s 00004000 00:19 6292975                    /home/chenbotang/android-studio/gradle/m2repository/com/android/tools/build/builder-model/1.2.3/builder-model-1.2.3.jar
7fd19bb4b000-7fd19bb4d000 r--s 00012000 00:19 6292959                    /home/chenbotang/android-studio/gradle/m2repository/com/android/tools/common/24.2.3/common-24.2.3.jar
7fd19bb4d000-7fd19bb4f000 r--s 00002000 00:19 6293008                    /home/chenbotang/android-studio/gradle/m2repository/com/squareup/javawriter/2.5.0/javawriter-2.5.0.jar
7fd19bb4f000-7fd19bb55000 r--s 0005f000 00:19 6292941                    /home/chenbotang/android-studio/gradle/m2repository/com/android/tools/sdk-common/24.2.3/sdk-common-24.2.3.jar
7fd19bb55000-7fd19bb88000 r--s 00203000 00:19 6292918                    /home/chenbotang/android-studio/gradle/m2repository/org/bouncycastle/bcprov-jdk15on/1.48/bcprov-jdk15on-1.48.jar
7fd19bb88000-7fd19bb8e000 r--s 00093000 00:19 6292924                    /home/chenbotang/android-studio/gradle/m2repository/com/android/tools/lint/lint-checks/24.2.3/lint-checks-24.2.3.jar
7fd19bb8e000-7fd19bba0000 r--s 00220000 00:19 6293397                    /home/chenbotang/android-studio/gradle/m2repository/org/eclipse/jdt/core/compiler/ecj/4.4/ecj-4.4.jar
7fd19bba0000-7fd19bbb0000 r--s 000d3000 00:19 6293028                    /home/chenbotang/android-studio/gradle/m2repository/net/sf/proguard/proguard-base/5.1/proguard-base-5.1.jar
7fd19bbb0000-7fd19bbc3000 r--s 0015d000 00:19 8003602                    /home/chenbotang/android-studio/gradle/m2repository/com/android/tools/build/gradle-core/1.2.3/gradle-core-1.2.3.jar
7fd19bbc3000-7fd19bbc6000 ---p 00000000 00:00 0 
7fd19bbc6000-7fd19bcc4000 rw-p 00000000 00:00 0                          [stack:3194]
7fd19bcc4000-7fd19bcc7000 ---p 00000000 00:00 0 
7fd19bcc7000-7fd19bcfd000 rw-p 00000000 00:00 0                          [stack:3193]
7fd19bcfd000-7fd19bd00000 ---p 00000000 00:00 0 
7fd19bd00000-7fd19bdfe000 rw-p 00000000 00:00 0                          [stack:3190]
7fd19bdfe000-7fd19be01000 ---p 00000000 00:00 0 
7fd19be01000-7fd19beff000 rw-p 00000000 00:00 0                          [stack:3187]
7fd19beff000-7fd19bf02000 ---p 00000000 00:00 0 
7fd19bf02000-7fd19c000000 rw-p 00000000 00:00 0                          [stack:3186]
7fd19c000000-7fd19c022000 rw-p 00000000 00:00 0 
7fd19c022000-7fd1a0000000 ---p 00000000 00:00 0 
7fd1a0000000-7fd1a0021000 rw-p 00000000 00:00 0 
7fd1a0021000-7fd1a4000000 ---p 00000000 00:00 0 
7fd1a4000000-7fd1a4021000 rw-p 00000000 00:00 0 
7fd1a4021000-7fd1a8000000 ---p 00000000 00:00 0 
7fd1a8000000-7fd1a802a000 rw-p 00000000 00:00 0 
7fd1a802a000-7fd1ac000000 ---p 00000000 00:00 0 
7fd1ac000000-7fd1ad454000 rw-p 00000000 00:00 0 
7fd1ad454000-7fd1b0000000 ---p 00000000 00:00 0 
7fd1b0000000-7fd1b0021000 rw-p 00000000 00:00 0 
7fd1b0021000-7fd1b4000000 ---p 00000000 00:00 0 
7fd1b4000000-7fd1b4021000 rw-p 00000000 00:00 0 
7fd1b4021000-7fd1b8000000 ---p 00000000 00:00 0 
7fd1b8000000-7fd1b8d1e000 rw-p 00000000 00:00 0 
7fd1b8d1e000-7fd1bc000000 ---p 00000000 00:00 0 
7fd1bc000000-7fd1bc021000 rw-p 00000000 00:00 0 
7fd1bc021000-7fd1c0000000 ---p 00000000 00:00 0 
7fd1c0000000-7fd1c0021000 rw-p 00000000 00:00 0 
7fd1c0021000-7fd1c4000000 ---p 00000000 00:00 0 
7fd1c4000000-7fd1c4034000 rw-p 00000000 00:00 0 
7fd1c4034000-7fd1c8000000 ---p 00000000 00:00 0 
7fd1c8000000-7fd1c8241000 rw-p 00000000 00:00 0 
7fd1c8241000-7fd1cc000000 ---p 00000000 00:00 0 
7fd1cc000000-7fd1cc038000 rw-p 00000000 00:00 0 
7fd1cc038000-7fd1d0000000 ---p 00000000 00:00 0 
7fd1d0000000-7fd1d0001000 r--s 0000c000 00:19 6423062                    /home/chenbotang/android-studio/gradle/m2repository/org/ow2/asm/asm/5.0.3/asm-5.0.3.jar
7fd1d0001000-7fd1d0003000 r--s 00006000 00:19 6423099                    /home/chenbotang/android-studio/gradle/m2repository/org/ow2/asm/asm-tree/5.0.3/asm-tree-5.0.3.jar
7fd1d0003000-7fd1d0004000 r--s 00002000 00:19 6292980                    /home/chenbotang/android-studio/gradle/m2repository/com/android/tools/build/builder-test-api/1.2.3/builder-test-api-1.2.3.jar
7fd1d0004000-7fd1d0009000 r--s 00039000 00:19 6292971                    /home/chenbotang/android-studio/gradle/m2repository/com/android/tools/build/builder/1.2.3/builder-1.2.3.jar
7fd1d0009000-7fd1d000b000 r--s 0001a000 00:19 6292854                    /home/chenbotang/android-studio/gradle/m2repository/com/android/tools/lint/lint/24.2.3/lint-24.2.3.jar
7fd1d000b000-7fd1d000d000 r--s 0000c000 00:19 6292986                    /home/chenbotang/android-studio/gradle/m2repository/com/android/tools/build/gradle/1.2.3/gradle-1.2.3.jar
7fd1d000d000-7fd1d0017000 r--s 000ae000 08:06 31067553                   /usr/lib/jvm/java-7-openjdk-amd64/jre/lib/resources.jar
7fd1d0017000-7fd1d0082000 r--s 0069e000 08:06 30934262                   /usr/lib/jvm/java-7-openjdk-amd64/lib/tools.jar
7fd1d0082000-7fd1d0085000 ---p 00000000 00:00 0 
7fd1d0085000-7fd1d0183000 rw-p 00000000 00:00 0                          [stack:3185]
7fd1d0183000-7fd1d0186000 ---p 00000000 00:00 0 
7fd1d0186000-7fd1d0284000 rw-p 00000000 00:00 0                          [stack:3184]
7fd1d0284000-7fd1d0287000 ---p 00000000 00:00 0 
7fd1d0287000-7fd1d0385000 rw-p 00000000 00:00 0                          [stack:3183]
7fd1d0385000-7fd1d0386000 r--s 00003000 00:19 6427303                    /home/chenbotang/android-studio/gradle/gradle-2.4/lib/plugins/gradle-resources-s3-2.4.jar
7fd1d0386000-7fd1d0387000 r--s 00002000 00:19 6293033                    /home/chenbotang/android-studio/gradle/m2repository/net/sf/proguard/proguard-gradle/5.1/proguard-gradle-5.1.jar
7fd1d0387000-7fd1d038e000 r--s 00000000 08:06 30416778                   /usr/lib/x86_64-linux-gnu/gconv/gconv-modules.cache
7fd1d038e000-7fd1d039d000 r--s 00081000 00:19 6427314                    /home/chenbotang/android-studio/gradle/gradle-2.4/lib/plugins/joda-time-2.7.jar
7fd1d039d000-7fd1d03ae000 r--s 000cf000 00:19 6427340                    /home/chenbotang/android-studio/gradle/gradle-2.4/lib/plugins/jackson-databind-2.3.2.jar
7fd1d03ae000-7fd1d03b0000 r--s 00003000 00:19 6427316                    /home/chenbotang/android-studio/gradle/gradle-2.4/lib/plugins/gradle-resources-sftp-2.4.jar
7fd1d03b0000-7fd1d03b1000 r--s 00001000 00:19 6427349                    /home/chenbotang/android-studio/gradle/gradle-2.4/lib/plugins/gradle-plugin-development-2.4.jar
7fd1d03b1000-7fd1d03b2000 r--s 00005000 00:19 6427325                    /home/chenbotang/android-studio/gradle/gradle-2.4/lib/plugins/gradle-testing-native-2.4.jar
7fd1d03b2000-7fd1d03b7000 r--s 00036000 00:19 6427304                    /home/chenbotang/android-studio/gradle/gradle-2.4/lib/plugins/gradle-ide-native-2.4.jar
7fd1d03b7000-7fd1d03b8000 r--p 00000000 00:00 0 
7fd1d03b8000-7fd1d03bd000 r--s 0004d000 08:06 31067587                   /usr/lib/jvm/java-7-openjdk-amd64/jre/lib/jsse.jar
7fd1d03bd000-7fd1d03be000 r--s 00002000 00:19 6427350                    /home/chenbotang/android-studio/gradle/gradle-2.4/lib/plugins/gradle-tooling-api-builders-2.4.jar
7fd1d03be000-7fd1d03c0000 r--s 00007000 00:19 6427353                    /home/chenbotang/android-studio/gradle/gradle-2.4/lib/plugins/jackson-annotations-2.3.2.jar
7fd1d03c0000-7fd1d03c3000 r--s 0002e000 00:19 6427333                    /home/chenbotang/android-studio/gradle/gradle-2.4/lib/plugins/jackson-core-2.3.2.jar
7fd1d03c3000-7fd1d03ce000 r--s 0006b000 00:19 6427364                    /home/chenbotang/android-studio/gradle/gradle-2.4/lib/plugins/aws-java-sdk-core-1.9.19.jar
7fd1d03ce000-7fd1d03d4000 r--s 00036000 00:19 6427351                    /home/chenbotang/android-studio/gradle/gradle-2.4/lib/plugins/aws-java-sdk-kms-1.9.19.jar
7fd1d03d4000-7fd1d03df000 r--s 00079000 00:19 6427305                    /home/chenbotang/android-studio/gradle/gradle-2.4/lib/plugins/aws-java-sdk-s3-1.9.19.jar
7fd1d03df000-7fd1d03e4000 r--s 0001a000 00:19 6427348                    /home/chenbotang/android-studio/gradle/gradle-2.4/lib/plugins/gradle-language-native-2.4.jar
7fd1d03e4000-7fd1d03e9000 r--s 00022000 00:19 6427346                    /home/chenbotang/android-studio/gradle/gradle-2.4/lib/plugins/gradle-platform-play-2.4.jar
7fd1d03e9000-7fd1d03f6000 r--s 00057000 00:19 6427315                    /home/chenbotang/android-studio/gradle/gradle-2.4/lib/plugins/gradle-platform-native-2.4.jar
7fd1d03f6000-7fd1d03f9000 r--s 00008000 00:19 6427318                    /home/chenbotang/android-studio/gradle/gradle-2.4/lib/plugins/gradle-language-scala-2.4.jar
7fd1d03f9000-7fd1d03fb000 r--s 00009000 00:19 6427352                    /home/chenbotang/android-studio/gradle/gradle-2.4/lib/plugins/gradle-language-groovy-2.4.jar
7fd1d03fb000-7fd1d0401000 r--s 00023000 00:19 6427312                    /home/chenbotang/android-studio/gradle/gradle-2.4/lib/plugins/gradle-language-java-2.4.jar
7fd1d0401000-7fd1d0403000 r--s 00008000 00:19 6427341                    /home/chenbotang/android-studio/gradle/gradle-2.4/lib/plugins/gradle-language-jvm-2.4.jar
7fd1d0403000-7fd1d0405000 r--s 00009000 00:19 6427334                    /home/chenbotang/android-studio/gradle/gradle-2.4/lib/plugins/gradle-platform-jvm-2.4.jar
7fd1d0405000-7fd1d040c000 r--s 00020000 00:19 6427328                    /home/chenbotang/android-studio/gradle/gradle-2.4/lib/plugins/gradle-platform-base-2.4.jar
7fd1d040c000-7fd1d0410000 r--s 00025000 00:19 6427359                    /home/chenbotang/android-studio/gradle/gradle-2.4/lib/plugins/gradle-build-init-2.4.jar
7fd1d0410000-7fd1d0413000 r--s 0001c000 00:19 6427365                    /home/chenbotang/android-studio/gradle/gradle-2.4/lib/plugins/gradle-jacoco-2.4.jar
7fd1d0413000-7fd1d0416000 r--s 0000e000 00:19 6427329                    /home/chenbotang/android-studio/gradle/gradle-2.4/lib/plugins/gradle-ivy-2.4.jar
7fd1d0416000-7fd1d0418000 r--s 00002000 00:19 6427326                    /home/chenbotang/android-studio/gradle/gradle-2.4/lib/plugins/gradle-publish-2.4.jar
7fd1d0418000-7fd1d041a000 r--s 00005000 00:19 6427436                    /home/chenbotang/android-studio/gradle/gradle-2.4/lib/plugins/jatl-0.2.2.jar
7fd1d041a000-7fd1d041c000 r--s 0000f000 00:19 6427323                    /home/chenbotang/android-studio/gradle/gradle-2.4/lib/plugins/gradle-reporting-2.4.jar
7fd1d041c000-7fd1d0421000 r--s 00036000 00:19 6427337                    /home/chenbotang/android-studio/gradle/gradle-2.4/lib/plugins/gradle-diagnostics-2.4.jar
7fd1d0421000-7fd1d0428000 r--s 00094000 00:19 6427309                    /home/chenbotang/android-studio/gradle/gradle-2.4/lib/plugins/gradle-build-comparison-2.4.jar
7fd1d0428000-7fd1d042f000 r--s 00035000 00:19 6427446                    /home/chenbotang/android-studio/gradle/gradle-2.4/lib/plugins/simple-4.1.21.jar
7fd1d042f000-7fd1d043b000 r--s 00100000 00:19 6427463                    /home/chenbotang/android-studio/gradle/gradle-2.4/lib/plugins/rhino-1.7R3.jar
7fd1d043b000-7fd1d0440000 r--s 0001f000 00:19 6427322                    /home/chenbotang/android-studio/gradle/gradle-2.4/lib/plugins/gradle-javascript-2.4.jar
7fd1d0440000-7fd1d0442000 r--s 0000e000 00:19 6427313                    /home/chenbotang/android-studio/gradle/gradle-2.4/lib/plugins/gradle-ear-2.4.jar
7fd1d0442000-7fd1d0449000 r--s 00038000 00:19 6427335                    /home/chenbotang/android-studio/gradle/gradle-2.4/lib/plugins/bcpg-jdk15on-1.51.jar
7fd1d0449000-7fd1d044c000 r--s 0001d000 00:19 6427321                    /home/chenbotang/android-studio/gradle/gradle-2.4/lib/plugins/gradle-signing-2.4.jar
7fd1d044c000-7fd1d044d000 r--s 00002000 00:19 6427411                    /home/chenbotang/android-studio/gradle/gradle-2.4/lib/plugins/sonar-batch-bootstrapper-2.9.jar
7fd1d044d000-7fd1d0450000 r--s 00019000 00:19 6427319                    /home/chenbotang/android-studio/gradle/gradle-2.4/lib/plugins/gradle-sonar-2.4.jar
7fd1d0450000-7fd1d0452000 r--s 00013000 00:19 6427345                    /home/chenbotang/android-studio/gradle/gradle-2.4/lib/plugins/gradle-scala-2.4.jar
7fd1d0452000-7fd1d0453000 r--s 0000e000 00:19 6427317                    /home/chenbotang/android-studio/gradle/gradle-2.4/lib/plugins/gradle-announce-2.4.jar
7fd1d0453000-7fd1d0460000 r--s 000b9000 00:19 6427343                    /home/chenbotang/android-studio/gradle/gradle-2.4/lib/plugins/gradle-ide-2.4.jar
7fd1d0460000-7fd1d0462000 r--s 00000000 00:19 6427458                    /home/chenbotang/android-studio/gradle/gradle-2.4/lib/plugins/plexus-component-annotations-1.5.2.jar
7fd1d0462000-7fd1d0465000 r--s 0000c000 00:19 6427433                    /home/chenbotang/android-studio/gradle/gradle-2.4/lib/plugins/pmaven-groovy-0.8-20100325.jar
7fd1d0465000-7fd1d0466000 r--s 00004000 00:19 6427447                    /home/chenbotang/android-studio/gradle/gradle-2.4/lib/plugins/pmaven-common-0.8-20100325.jar
7fd1d0466000-7fd1d0468000 r--s 0000b000 00:19 6427306                    /home/chenbotang/android-studio/gradle/gradle-2.4/lib/plugins/wagon-provider-api-1.0-beta-6.jar
7fd1d0468000-7fd1d0469000 r--s 00003000 00:19 6427344                    /home/chenbotang/android-studio/gradle/gradle-2.4/lib/plugins/wagon-http-lightweight-1.0-beta-6.jar
7fd1d0469000-7fd1d046a000 r--s 00002000 00:19 6427347                    /home/chenbotang/android-studio/gradle/gradle-2.4/lib/plugins/wagon-file-1.0-beta-6.jar
7fd1d046a000-7fd1d046b000 r--s 0000b000 00:19 6427342                    /home/chenbotang/android-studio/gradle/gradle-2.4/lib/plugins/maven-settings-2.2.1.jar
7fd1d046b000-7fd1d046d000 r--s 00002000 00:19 6427363                    /home/chenbotang/android-studio/gradle/gradle-2.4/lib/plugins/maven-error-diagnostics-2.2.1.jar
7fd1d046d000-7fd1d0471000 r--s 00023000 00:19 6427311                    /home/chenbotang/android-studio/gradle/gradle-2.4/lib/plugins/maven-project-2.2.1.jar
7fd1d0471000-7fd1d0473000 r--s 00014000 00:19 6427336                    /home/chenbotang/android-studio/gradle/gradle-2.4/lib/plugins/maven-model-2.2.1.jar
7fd1d0473000-7fd1d0475000 r--s 00005000 00:19 6427339                    /home/chenbotang/android-studio/gradle/gradle-2.4/lib/plugins/maven-repository-metadata-2.2.1.jar
7fd1d0475000-7fd1d0477000 r--s 0000f000 00:19 6427338                    /home/chenbotang/android-studio/gradle/gradle-2.4/lib/plugins/maven-artifact-manager-2.2.1.jar
7fd1d0477000-7fd1d047a000 r--s 00011000 00:19 6427324                    /home/chenbotang/android-studio/gradle/gradle-2.4/lib/plugins/maven-artifact-2.2.1.jar
7fd1d047a000-7fd1d047c000 r--s 0000b000 00:19 6427331                    /home/chenbotang/android-studio/gradle/gradle-2.4/lib/plugins/plexus-interpolation-1.11.jar
7fd1d047c000-7fd1d0480000 r--s 00034000 00:19 6427327                    /home/chenbotang/android-studio/gradle/gradle-2.4/lib/plugins/plexus-utils-1.5.15.jar
7fd1d0480000-7fd1d0487000 r--s 00029000 00:19 6427330                    /home/chenbotang/android-studio/gradle/gradle-2.4/lib/plugins/plexus-container-default-1.0-alpha-9-stable-1.jar
7fd1d0487000-7fd1d0489000 r--s 00008000 00:19 6427360                    /home/chenbotang/android-studio/gradle/gradle-2.4/lib/plugins/classworlds-1.1-alpha-2.jar
7fd1d0489000-7fd1d048e000 r--s 00023000 00:19 6427310                    /home/chenbotang/android-studio/gradle/gradle-2.4/lib/plugins/gradle-maven-2.4.jar
7fd1d048e000-7fd1d04a6000 r--s 0013b000 00:19 6427465                    /home/chenbotang/android-studio/gradle/gradle-2.4/lib/plugins/bndlib-2.1.0.jar
7fd1d04a6000-7fd1d04a8000 r--s 00004000 00:19 6427354                    /home/chenbotang/android-studio/gradle/gradle-2.4/lib/plugins/gradle-osgi-2.4.jar
7fd1d04a8000-7fd1d04aa000 r--s 00007000 00:19 6427361                    /home/chenbotang/android-studio/gradle/gradle-2.4/lib/plugins/gradle-antlr-2.4.jar
7fd1d04aa000-7fd1d04ad000 r--s 0001e000 00:19 6427443                    /home/chenbotang/android-studio/gradle/gradle-2.4/lib/plugins/jsp-api-2.1-6.1.14.jar
7fd1d04ad000-7fd1d04d0000 r--s 00344000 00:19 6427459                    /home/chenbotang/android-studio/gradle/gradle-2.4/lib/plugins/core-3.1.1.jar
7fd1d04d0000-7fd1d04d1000 r--s 00006000 00:19 6427472                    /home/chenbotang/android-studio/gradle/gradle-2.4/lib/plugins/jetty-naming-6.1.25.jar
7fd1d04d1000-7fd1d04d2000 r--s 00002000 00:19 6427429                    /home/chenbotang/android-studio/gradle/gradle-2.4/lib/plugins/geronimo-annotation_1.0_spec-1.0.jar
7fd1d04d2000-7fd1d04d4000 r--s 00002000 00:19 6427437                    /home/chenbotang/android-studio/gradle/gradle-2.4/lib/plugins/jetty-annotations-6.1.25.jar
7fd1d04d4000-7fd1d04e5000 r--s 000ea000 00:19 6427450                    /home/chenbotang/android-studio/gradle/gradle-2.4/lib/plugins/jsp-2.1-6.1.14.jar
7fd1d04e5000-7fd1d04e7000 r--s 0000d000 00:19 6427420                    /home/chenbotang/android-studio/gradle/gradle-2.4/lib/plugins/jetty-plus-6.1.25.jar
7fd1d04e7000-7fd1d04e9000 r--s 0001f000 00:19 6427432                    /home/chenbotang/android-studio/gradle/gradle-2.4/lib/plugins/servlet-api-2.5-20081211.jar
7fd1d04e9000-7fd1d04ed000 r--s 00028000 00:19 6427412                    /home/chenbotang/android-studio/gradle/gradle-2.4/lib/plugins/jetty-util-6.1.25.jar
7fd1d04ed000-7fd1d04f4000 r--s 0007d000 00:19 6427452                    /home/chenbotang/android-studio/gradle/gradle-2.4/lib/plugins/jetty-6.1.25.jar
7fd1d04f4000-7fd1d04f6000 r--s 00009000 00:19 6427362                    /home/chenbotang/android-studio/gradle/gradle-2.4/lib/plugins/gradle-jetty-2.4.jar
7fd1d04f6000-7fd1d04fc000 r--s 00041000 00:19 6427357                    /home/chenbotang/android-studio/gradle/gradle-2.4/lib/plugins/gradle-code-quality-2.4.jar
7fd1d04fc000-7fd1d04fe000 r--s 00009000 00:19 6427430                    /home/chenbotang/android-studio/gradle/gradle-2.4/lib/plugins/hamcrest-core-1.3.jar
7fd1d04fe000-7fd1d0504000 r--s 00033000 00:19 6427454                    /home/chenbotang/android-studio/gradle/gradle-2.4/lib/plugins/snakeyaml-1.6.jar
7fd1d0504000-7fd1d0506000 r--s 00006000 00:19 6427421                    /home/chenbotang/android-studio/gradle/gradle-2.4/lib/plugins/jcommander-1.12.jar
7fd1d0506000-7fd1d050b000 r--s 00040000 00:19 6427457                    /home/chenbotang/android-studio/gradle/gradle-2.4/lib/plugins/bsh-2.0b4.jar
7fd1d050b000-7fd1d050d000 r--s 00009000 00:19 6427417                    /home/chenbotang/android-studio/gradle/gradle-2.4/lib/plugins/commons-cli-1.2.jar
7fd1d050d000-7fd1d0516000 r--s 00089000 00:19 6427427                    /home/chenbotang/android-studio/gradle/gradle-2.4/lib/plugins/testng-6.3.1.jar
7fd1d0516000-7fd1d051e000 r--s 00045000 00:19 6427358                    /home/chenbotang/android-studio/gradle/gradle-2.4/lib/plugins/junit-4.12.jar
7fd1d051e000-7fd1d052b000 r--s 0007a000 00:19 6427332                    /home/chenbotang/android-studio/gradle/gradle-2.4/lib/plugins/gradle-plugins-2.4.jar
7fd1d052b000-7fd1d0543000 r--s 00115000 00:19 6427449                    /home/chenbotang/android-studio/gradle/gradle-2.4/lib/plugins/xercesImpl-2.9.1.jar
7fd1d0543000-7fd1d054b000 r--s 00028000 00:19 6427438                    /home/chenbotang/android-studio/gradle/gradle-2.4/lib/plugins/xml-apis-1.3.04.jar
7fd1d054b000-7fd1d0551000 r--s 0005b000 00:19 6427416                    /home/chenbotang/android-studio/gradle/gradle-2.4/lib/plugins/jcifs-1.3.17.jar
7fd1d0551000-7fd1d0557000 r--s 00031000 00:19 6427422                    /home/chenbotang/android-studio/gradle/gradle-2.4/lib/plugins/httpcore-4.2.2.jar
7fd1d0557000-7fd1d055d000 r--s 00033000 00:19 6427413                    /home/chenbotang/android-studio/gradle/gradle-2.4/lib/plugins/commons-codec-1.6.jar
7fd1d055d000-7fd1d0560000 r--s 0001c000 00:19 6427469                    /home/chenbotang/android-studio/gradle/gradle-2.4/lib/plugins/nekohtml-1.9.14.jar
7fd1d0560000-7fd1d0569000 r--s 00060000 00:19 6427428                    /home/chenbotang/android-studio/gradle/gradle-2.4/lib/plugins/httpclient-4.2.2.jar
7fd1d0569000-7fd1d056b000 r--s 00007000 00:19 6427320                    /home/chenbotang/android-studio/gradle/gradle-2.4/lib/plugins/gradle-resources-http-2.4.jar
7fd1d056b000-7fd1d056e000 r--s 00010000 00:19 6427356                    /home/chenbotang/android-studio/gradle/gradle-2.4/lib/plugins/gradle-plugin-use-2.4.jar
7fd1d056e000-7fd1d0572000 r--s 0003d000 00:19 6427441                    /home/chenbotang/android-studio/gradle/gradle-2.4/lib/plugins/jsch-0.1.51.jar
7fd1d0572000-7fd1d05b2000 r--s 00277000 00:19 6427355                    /home/chenbotang/android-studio/gradle/gradle-2.4/lib/plugins/bcprov-jdk15on-1.51.jar
7fd1d05b2000-7fd1d05b6000 r--s 0001d000 00:19 6427460                    /home/chenbotang/android-studio/gradle/gradle-2.4/lib/plugins/xbean-reflect-3.4.jar
7fd1d05b6000-7fd1d05bb000 r--s 0002a000 00:19 6427466                    /home/chenbotang/android-studio/gradle/gradle-2.4/lib/plugins/gson-2.2.4.jar
7fd1d05bb000-7fd1d05ca000 r--s 000d9000 00:19 6427456                    /home/chenbotang/android-studio/gradle/gradle-2.4/lib/plugins/ivy-2.2.0.jar
7fd1d05ca000-7fd1d05ce000 r--s 0001e000 00:19 6427439                    /home/chenbotang/android-studio/gradle/gradle-2.4/lib/plugins/jarjar-aether-impl-1.13.1.jar
7fd1d05ce000-7fd1d05d1000 r--s 00027000 00:19 6427442                    /home/chenbotang/android-studio/gradle/gradle-2.4/lib/plugins/jarjar-maven-model-3.0.4.jar
7fd1d05d1000-7fd1d05d4000 r--s 0000b000 00:19 6427435                    /home/chenbotang/android-studio/gradle/gradle-2.4/lib/plugins/jarjar-maven-artifact-3.0.4.jar
7fd1d05d4000-7fd1d05d8000 r--s 0001e000 00:19 6427424                    /home/chenbotang/android-studio/gradle/gradle-2.4/lib/plugins/jarjar-aether-util-1.13.1.jar
7fd1d05d8000-7fd1d05da000 r--s 00007000 00:19 6427467                    /home/chenbotang/android-studio/gradle/gradle-2.4/lib/plugins/jarjar-wagon-http-shared4-2.4.jar
7fd1d05da000-7fd1d05e7000 r--s 00083000 00:19 6427423                    /home/chenbotang/android-studio/gradle/gradle-2.4/lib/plugins/jarjar-maven-core-3.0.4.jar
7fd1d05e7000-7fd1d05e9000 r--s 00003000 00:19 6427455                    /home/chenbotang/android-studio/gradle/gradle-2.4/lib/plugins/jarjar-aether-spi-1.13.1.jar
7fd1d05e9000-7fd1d05eb000 r--s 00009000 00:19 6427448                    /home/chenbotang/android-studio/gradle/gradle-2.4/lib/plugins/jarjar-maven-settings-builder-3.0.4.jar
7fd1d05eb000-7fd1d05ef000 r--s 00014000 00:19 6427431                    /home/chenbotang/android-studio/gradle/gradle-2.4/lib/plugins/jarjar-aether-api-1.13.1.jar
7fd1d05ef000-7fd1d05f6000 r--s 00042000 00:19 6427425                    /home/chenbotang/android-studio/gradle/gradle-2.4/lib/plugins/jarjar-maven-compat-3.0.4.jar
7fd1d05f6000-7fd1d05f8000 r--s 00006000 00:19 6427434                    /home/chenbotang/android-studio/gradle/gradle-2.4/lib/plugins/jarjar-aether-connector-wagon-1.13.1.jar
7fd1d05f8000-7fd1d05fa000 r--s 00000000 00:19 6427426                    /home/chenbotang/android-studio/gradle/gradle-2.4/lib/plugins/jarjar-plexus-component-annotations-1.5.5.jar
7fd1d05fa000-7fd1d05fc000 r--s 00006000 00:19 6427419                    /home/chenbotang/android-studio/gradle/gradle-2.4/lib/plugins/jarjar-plexus-sec-dispatcher-1.3.jar
7fd1d05fc000-7fd1d0601000 r--s 00022000 00:19 6427462                    /home/chenbotang/android-studio/gradle/gradle-2.4/lib/plugins/jarjar-maven-model-builder-3.0.4.jar
7fd1d0601000-7fd1d0603000 r--s 0000b000 00:19 6427445                    /home/chenbotang/android-studio/gradle/gradle-2.4/lib/plugins/jarjar-maven-plugin-api-3.0.4.jar
7fd1d0603000-7fd1d0606000 r--s 0000a000 00:19 6427418                    /home/chenbotang/android-studio/gradle/gradle-2.4/lib/plugins/jarjar-plexus-classworlds-2.4.jar
7fd1d0606000-7fd1d060a000 r--s 00035000 00:19 6427468                    /home/chenbotang/android-studio/gradle/gradle-2.4/lib/plugins/jarjar-plexus-utils-2.0.6.jar
7fd1d060a000-7fd1d060c000 r--s 0000e000 00:19 6427470                    /home/chenbotang/android-studio/gradle/gradle-2.4/lib/plugins/jarjar-plexus-interpolation-1.14.jar
7fd1d060c000-7fd1d0610000 r-xp 00000000 00:19 10498563                   /home/chenbotang/.gradle/native/19/linux-amd64/libnative-platform.so
7fd1d0610000-7fd1d080f000 ---p 00004000 00:19 10498563                   /home/chenbotang/.gradle/native/19/linux-amd64/libnative-platform.so
7fd1d080f000-7fd1d0810000 rw-p 00003000 00:19 10498563                   /home/chenbotang/.gradle/native/19/linux-amd64/libnative-platform.so
7fd1d0810000-7fd1d0820000 r-xp 00000000 08:06 31073287                   /usr/lib/jvm/java-7-openjdk-amd64/jre/lib/amd64/libnio.so
7fd1d0820000-7fd1d0a20000 ---p 00010000 08:06 31073287                   /usr/lib/jvm/java-7-openjdk-amd64/jre/lib/amd64/libnio.so
7fd1d0a20000-7fd1d0a21000 r--p 00010000 08:06 31073287                   /usr/lib/jvm/java-7-openjdk-amd64/jre/lib/amd64/libnio.so
7fd1d0a21000-7fd1d0a22000 rw-p 00011000 08:06 31073287                   /usr/lib/jvm/java-7-openjdk-amd64/jre/lib/amd64/libnio.so
7fd1d0a22000-7fd1d0a53000 rw-p 00000000 00:00 0 
7fd1d0a53000-7fd1d0a90000 r-xp 00000000 08:06 24641878                   /lib/x86_64-linux-gnu/libpcre.so.3.13.1
7fd1d0a90000-7fd1d0c8f000 ---p 0003d000 08:06 24641878                   /lib/x86_64-linux-gnu/libpcre.so.3.13.1
7fd1d0c8f000-7fd1d0c90000 r--p 0003c000 08:06 24641878                   /lib/x86_64-linux-gnu/libpcre.so.3.13.1
7fd1d0c90000-7fd1d0c91000 rw-p 0003d000 08:06 24641878                   /lib/x86_64-linux-gnu/libpcre.so.3.13.1
7fd1d0c91000-7fd1d0c98000 r-xp 00000000 08:06 30023490                   /usr/lib/x86_64-linux-gnu/libffi.so.6.0.1
7fd1d0c98000-7fd1d0e97000 ---p 00007000 08:06 30023490                   /usr/lib/x86_64-linux-gnu/libffi.so.6.0.1
7fd1d0e97000-7fd1d0e98000 r--p 00006000 08:06 30023490                   /usr/lib/x86_64-linux-gnu/libffi.so.6.0.1
7fd1d0e98000-7fd1d0e99000 rw-p 00007000 08:06 30023490                   /usr/lib/x86_64-linux-gnu/libffi.so.6.0.1
7fd1d0e99000-7fd1d0eb0000 r-xp 00000000 08:06 24641762                   /lib/x86_64-linux-gnu/libresolv-2.19.so
7fd1d0eb0000-7fd1d10b0000 ---p 00017000 08:06 24641762                   /lib/x86_64-linux-gnu/libresolv-2.19.so
7fd1d10b0000-7fd1d10b1000 r--p 00017000 08:06 24641762                   /lib/x86_64-linux-gnu/libresolv-2.19.so
7fd1d10b1000-7fd1d10b2000 rw-p 00018000 08:06 24641762                   /lib/x86_64-linux-gnu/libresolv-2.19.so
7fd1d10b2000-7fd1d10b4000 rw-p 00000000 00:00 0 
7fd1d10b4000-7fd1d10d4000 r-xp 00000000 08:06 24645637                   /lib/x86_64-linux-gnu/libselinux.so.1
7fd1d10d4000-7fd1d12d3000 ---p 00020000 08:06 24645637                   /lib/x86_64-linux-gnu/libselinux.so.1
7fd1d12d3000-7fd1d12d4000 r--p 0001f000 08:06 24645637                   /lib/x86_64-linux-gnu/libselinux.so.1
7fd1d12d4000-7fd1d12d5000 rw-p 00020000 08:06 24645637                   /lib/x86_64-linux-gnu/libselinux.so.1
7fd1d12d5000-7fd1d12d7000 rw-p 00000000 00:00 0 
7fd1d12d7000-7fd1d12da000 r-xp 00000000 08:06 30015852                   /usr/lib/x86_64-linux-gnu/libgmodule-2.0.so.0.4002.0
7fd1d12da000-7fd1d14d9000 ---p 00003000 08:06 30015852                   /usr/lib/x86_64-linux-gnu/libgmodule-2.0.so.0.4002.0
7fd1d14d9000-7fd1d14da000 r--p 00002000 08:06 30015852                   /usr/lib/x86_64-linux-gnu/libgmodule-2.0.so.0.4002.0
7fd1d14da000-7fd1d14db000 rw-p 00003000 08:06 30015852                   /usr/lib/x86_64-linux-gnu/libgmodule-2.0.so.0.4002.0
7fd1d14db000-7fd1d15e1000 r-xp 00000000 08:06 24645477                   /lib/x86_64-linux-gnu/libglib-2.0.so.0.4002.0
7fd1d15e1000-7fd1d17e0000 ---p 00106000 08:06 24645477                   /lib/x86_64-linux-gnu/libglib-2.0.so.0.4002.0
7fd1d17e0000-7fd1d17e1000 r--p 00105000 08:06 24645477                   /lib/x86_64-linux-gnu/libglib-2.0.so.0.4002.0
7fd1d17e1000-7fd1d17e2000 rw-p 00106000 08:06 24645477                   /lib/x86_64-linux-gnu/libglib-2.0.so.0.4002.0
7fd1d17e2000-7fd1d17e3000 rw-p 00000000 00:00 0 
7fd1d17e3000-7fd1d1832000 r-xp 00000000 08:06 30015870                   /usr/lib/x86_64-linux-gnu/libgobject-2.0.so.0.4002.0
7fd1d1832000-7fd1d1a32000 ---p 0004f000 08:06 30015870                   /usr/lib/x86_64-linux-gnu/libgobject-2.0.so.0.4002.0
7fd1d1a32000-7fd1d1a33000 r--p 0004f000 08:06 30015870                   /usr/lib/x86_64-linux-gnu/libgobject-2.0.so.0.4002.0
7fd1d1a33000-7fd1d1a34000 rw-p 00050000 08:06 30015870                   /usr/lib/x86_64-linux-gnu/libgobject-2.0.so.0.4002.0
7fd1d1a34000-7fd1d1ba0000 r-xp 00000000 08:06 30015874                   /usr/lib/x86_64-linux-gnu/libgio-2.0.so.0.4002.0
7fd1d1ba0000-7fd1d1d9f000 ---p 0016c000 08:06 30015874                   /usr/lib/x86_64-linux-gnu/libgio-2.0.so.0.4002.0
7fd1d1d9f000-7fd1d1da3000 r--p 0016b000 08:06 30015874                   /usr/lib/x86_64-linux-gnu/libgio-2.0.so.0.4002.0
7fd1d1da3000-7fd1d1da5000 rw-p 0016f000 08:06 30015874                   /usr/lib/x86_64-linux-gnu/libgio-2.0.so.0.4002.0
7fd1d1da5000-7fd1d1da7000 rw-p 00000000 00:00 0 
7fd1d1da7000-7fd1d1da8000 r--s 00002000 00:19 6427461                    /home/chenbotang/android-studio/gradle/gradle-2.4/lib/plugins/jarjar-wagon-http-2.4.jar
7fd1d1da8000-7fd1d1daa000 r--s 00002000 00:19 6427440                    /home/chenbotang/android-studio/gradle/gradle-2.4/lib/plugins/jarjar-plexus-cipher-1.7.jar
7fd1d1daa000-7fd1d1dac000 r--s 0000c000 00:19 6427464                    /home/chenbotang/android-studio/gradle/gradle-2.4/lib/plugins/jarjar-wagon-provider-api-2.4.jar
7fd1d1dac000-7fd1d1dae000 r--s 0000d000 00:19 6427471                    /home/chenbotang/android-studio/gradle/gradle-2.4/lib/plugins/jarjar-maven-aether-provider-3.0.4.jar
7fd1d1dae000-7fd1d1db6000 r--s 00031000 00:19 6427453                    /home/chenbotang/android-studio/gradle/gradle-2.4/lib/plugins/jarjar-plexus-container-default-1.5.5.jar
7fd1d1db6000-7fd1d1db7000 r--s 00007000 00:19 6427444                    /home/chenbotang/android-studio/gradle/gradle-2.4/lib/plugins/jarjar-maven-repository-metadata-3.0.4.jar
7fd1d1db7000-7fd1d1db8000 r--s 0000b000 00:19 6427451                    /home/chenbotang/android-studio/gradle/gradle-2.4/lib/plugins/jarjar-maven-settings-3.0.4.jar
7fd1d1db8000-7fd1d1dd2000 r--s 000c0000 00:19 6427307                    /home/chenbotang/android-studio/gradle/gradle-2.4/lib/plugins/gradle-dependency-management-2.4.jar
7fd1d1dd2000-7fd1d1de9000 r-xp 00000000 08:06 31073281                   /usr/lib/jvm/java-7-openjdk-amd64/jre/lib/amd64/libnet.so
7fd1d1de9000-7fd1d1fe8000 ---p 00017000 08:06 31073281                   /usr/lib/jvm/java-7-openjdk-amd64/jre/lib/amd64/libnet.so
7fd1d1fe8000-7fd1d1fe9000 r--p 00016000 08:06 31073281                   /usr/lib/jvm/java-7-openjdk-amd64/jre/lib/amd64/libnet.so
7fd1d1fe9000-7fd1d1fea000 rw-p 00017000 08:06 31073281                   /usr/lib/jvm/java-7-openjdk-amd64/jre/lib/amd64/libnet.so
7fd1d1fea000-7fd1d1fec000 r--s 00005000 00:19 6427370                    /home/chenbotang/android-studio/gradle/gradle-2.4/lib/gradle-wrapper-2.4.jar
7fd1d1fec000-7fd1d1ff6000 r--s 00032000 00:19 6427287                    /home/chenbotang/android-studio/gradle/gradle-2.4/lib/gradle-tooling-api-2.4.jar
7fd1d1ff6000-7fd1d1ff8000 r--s 00002000 00:19 6427289                    /home/chenbotang/android-studio/gradle/gradle-2.4/lib/gradle-open-api-2.4.jar
7fd1d1ff8000-7fd1d1ffe000 r--s 00032000 00:19 6427403                    /home/chenbotang/android-studio/gradle/gradle-2.4/lib/jaxen-1.1.jar
7fd1d1ffe000-7fd1d2003000 r--s 00048000 00:19 6427391                    /home/chenbotang/android-studio/gradle/gradle-2.4/lib/dom4j-1.6.1.jar
7fd1d2003000-7fd1d200e000 r--s 00059000 00:19 6427288                    /home/chenbotang/android-studio/gradle/gradle-2.4/lib/gradle-ui-2.4.jar
7fd1d200e000-7fd1d2010000 r--s 00008000 00:19 6427293                    /home/chenbotang/android-studio/gradle/gradle-2.4/lib/gradle-resources-2.4.jar
7fd1d2010000-7fd1d2012000 r--s 00007000 00:19 6427404                    /home/chenbotang/android-studio/gradle/gradle-2.4/lib/objenesis-1.2.jar
7fd1d2012000-7fd1d2014000 r--s 00000000 00:19 6427405                    /home/chenbotang/android-studio/gradle/gradle-2.4/lib/minlog-1.2.jar
7fd1d2014000-7fd1d2016000 r--s 0000f000 00:19 6427408                    /home/chenbotang/android-studio/gradle/gradle-2.4/lib/reflectasm-1.07-shaded.jar
7fd1d2016000-7fd1d201a000 r--s 00026000 00:19 6427473                    /home/chenbotang/android-studio/gradle/gradle-2.4/lib/kryo-2.20.jar
7fd1d201a000-7fd1d2023000 r--s 0003c000 00:19 6427295                    /home/chenbotang/android-studio/gradle/gradle-2.4/lib/gradle-messaging-2.4.jar
7fd1d2023000-7fd1d2024000 r--s 00003000 00:19 6427409                    /home/chenbotang/android-studio/gradle/gradle-2.4/lib/native-platform-freebsd-amd64-0.10.jar
7fd1d2024000-7fd1d2025000 r--s 00003000 00:19 6427399                    /home/chenbotang/android-studio/gradle/gradle-2.4/lib/native-platform-freebsd-i386-0.10.jar
7fd1d2025000-7fd1d2026000 r--s 00005000 00:19 6427402                    /home/chenbotang/android-studio/gradle/gradle-2.4/lib/native-platform-windows-i386-0.10.jar
7fd1d2026000-7fd1d2027000 r--s 00005000 00:19 6427388                    /home/chenbotang/android-studio/gradle/gradle-2.4/lib/native-platform-windows-amd64-0.10.jar
7fd1d2027000-7fd1d2028000 r--s 00003000 00:19 6427390                    /home/chenbotang/android-studio/gradle/gradle-2.4/lib/native-platform-linux-i386-0.10.jar
7fd1d2028000-7fd1d2029000 r--s 00003000 00:19 6427393                    /home/chenbotang/android-studio/gradle/gradle-2.4/lib/native-platform-linux-amd64-0.10.jar
7fd1d2029000-7fd1d202a000 r--s 00002000 00:19 6427474                    /home/chenbotang/android-studio/gradle/gradle-2.4/lib/native-platform-osx-amd64-0.10.jar
7fd1d202a000-7fd1d202b000 r--s 00002000 00:19 6427398                    /home/chenbotang/android-studio/gradle/gradle-2.4/lib/native-platform-osx-i386-0.10.jar
7fd1d202b000-7fd1d202d000 r--s 00008000 00:19 6427397                    /home/chenbotang/android-studio/gradle/gradle-2.4/lib/jansi-1.2.1.jar
7fd1d202d000-7fd1d2030000 r--s 0000d000 00:19 6427406                    /home/chenbotang/android-studio/gradle/gradle-2.4/lib/native-platform-0.10.jar
7fd1d2030000-7fd1d2034000 r--s 000e4000 00:19 6427389                    /home/chenbotang/android-studio/gradle/gradle-2.4/lib/jna-3.2.7.jar
7fd1d2034000-7fd1d2036000 r--s 00008000 00:19 6427300                    /home/chenbotang/android-studio/gradle/gradle-2.4/lib/gradle-native-2.4.jar
7fd1d2036000-7fd1d2038000 r--s 00005000 00:19 6427296                    /home/chenbotang/android-studio/gradle/gradle-2.4/lib/gradle-cli-2.4.jar
7fd1d2038000-7fd1d203a000 r--s 00005000 00:19 6427286                    /home/chenbotang/android-studio/gradle/gradle-2.4/lib/gradle-model-groovy-2.4.jar
7fd1d203a000-7fd1d203b000 r--s 00004000 00:19 6427301                    /home/chenbotang/android-studio/gradle/gradle-2.4/lib/gradle-base-services-groovy-2.4.jar
7fd1d203b000-7fd1d2043000 r--s 00040000 00:19 6427297                    /home/chenbotang/android-studio/gradle/gradle-2.4/lib/gradle-model-core-2.4.jar
7fd1d2043000-7fd1d2044000 r--s 00000000 00:19 6427291                    /home/chenbotang/android-studio/gradle/gradle-2.4/lib/gradle-docs-2.4.jar
7fd1d2044000-7fd1d2046000 r--s 00003000 00:19 6427290                    /home/chenbotang/android-studio/gradle/gradle-2.4/lib/jcl-over-slf4j-1.7.10.jar
7fd1d2046000-7fd1d2047000 r--s 00005000 00:19 6427367                    /home/chenbotang/android-studio/gradle/gradle-2.4/lib/log4j-over-slf4j-1.7.10.jar
7fd1d2047000-7fd1d2048000 r--s 00000000 00:19 6427401                    /home/chenbotang/android-studio/gradle/gradle-2.4/lib/javax.inject-1.jar
7fd1d2048000-7fd1d204b000 r--s 0001b000 00:19 6427394                    /home/chenbotang/android-studio/gradle/gradle-2.4/lib/jarjar-1.3.jar
7fd1d204b000-7fd1d204d000 r--s 00000000 00:19 6427366                    /home/chenbotang/android-studio/gradle/gradle-2.4/lib/jul-to-slf4j-1.7.10.jar
7fd1d204d000-7fd1d204e000 r--s 00000000 00:19 6427396                    /home/chenbotang/android-studio/gradle/gradle-2.4/lib/jcip-annotations-1.0.jar
7fd1d204e000-7fd1d2051000 r--s 00018000 00:19 6427410                    /home/chenbotang/android-studio/gradle/gradle-2.4/lib/commons-io-1.4.jar
7fd1d2051000-7fd1d205f000 r--s 0007f000 00:19 6427407                    /home/chenbotang/android-studio/gradle/gradle-2.4/lib/commons-collections-3.2.1.jar
7fd1d205f000-7fd1d2064000 r--s 00036000 00:19 6427400                    /home/chenbotang/android-studio/gradle/gradle-2.4/lib/asm-all-5.0.3.jar
7fd1d2064000-7fd1d20d0000 r--s 00689000 00:19 6427368                    /home/chenbotang/android-studio/gradle/gradle-2.4/lib/groovy-all-2.3.10.jar
7fd1d20d0000-7fd1d20d5000 r--s 00041000 00:19 6427392                    /home/chenbotang/android-studio/gradle/gradle-2.4/lib/commons-lang-2.6.jar
7fd1d20d5000-7fd1d20fd000 r--s 001cf000 00:19 6427395                    /home/chenbotang/android-studio/gradle/gradle-2.4/lib/guava-jdk5-17.0.jar
7fd1d20fd000-7fd1d20fe000 r--s 00007000 00:19 6427285                    /home/chenbotang/android-studio/gradle/gradle-2.4/lib/slf4j-api-1.7.10.jar
7fd1d20fe000-7fd1d211c000 r--s 001cf000 00:19 6427369                    /home/chenbotang/android-studio/gradle/gradle-2.4/lib/ant-1.9.4.jar
7fd1d211c000-7fd1d2800000 r--p 00000000 08:06 30022224                   /usr/lib/locale/locale-archive
7fd1d2800000-7fd1d5000000 rw-p 00000000 00:00 0 
7fd1d5000000-7fd1d52e0000 rwxp 00000000 00:00 0 
7fd1d52e0000-7fd1d8b05000 rw-p 00000000 00:00 0 
7fd1d8b05000-7fd1dc000000 ---p 00000000 00:00 0 
7fd1dc000000-7fd1dc001000 r--s 00004000 00:19 6427294                    /home/chenbotang/android-studio/gradle/gradle-2.4/lib/ant-launcher-1.9.4.jar
7fd1dc001000-7fd1dc008000 r--s 00030000 00:19 6427298                    /home/chenbotang/android-studio/gradle/gradle-2.4/lib/gradle-base-services-2.4.jar
7fd1dc008000-7fd1dc03c000 r--s 001a4000 00:19 6427292                    /home/chenbotang/android-studio/gradle/gradle-2.4/lib/gradle-core-2.4.jar
7fd1dc03c000-7fd1dc045000 r--s 00040000 00:19 6427299                    /home/chenbotang/android-studio/gradle/gradle-2.4/lib/gradle-launcher-2.4.jar
7fd1dc045000-7fd1dc046000 ---p 00000000 00:00 0 
7fd1dc046000-7fd1dc146000 rw-p 00000000 00:00 0                          [stack:3181]
7fd1dc146000-7fd1dc149000 ---p 00000000 00:00 0 
7fd1dc149000-7fd1dc247000 rw-p 00000000 00:00 0                          [stack:3180]
7fd1dc247000-7fd1dc24a000 ---p 00000000 00:00 0 
7fd1dc24a000-7fd1dc348000 rw-p 00000000 00:00 0                          [stack:3179]
7fd1dc348000-7fd1dc34b000 ---p 00000000 00:00 0 
7fd1dc34b000-7fd1dc449000 rw-p 00000000 00:00 0                          [stack:3178]
7fd1dc449000-7fd1dc44c000 ---p 00000000 00:00 0 
7fd1dc44c000-7fd1dc54a000 rw-p 00000000 00:00 0                          [stack:3177]
7fd1dc54a000-7fd1dc54d000 ---p 00000000 00:00 0 
7fd1dc54d000-7fd1dc64b000 rw-p 00000000 00:00 0                          [stack:3176]
7fd1dc64b000-7fd1dc64e000 ---p 00000000 00:00 0 
7fd1dc64e000-7fd1dc74c000 rw-p 00000000 00:00 0                          [stack:3175]
7fd1dc74c000-7fd1dc74d000 ---p 00000000 00:00 0 
7fd1dc74d000-7fd1dd202000 rw-p 00000000 00:00 0                          [stack:3174]
7fd1dd202000-7fd1dd3b3000 r--s 01d29000 08:06 31067290                   /usr/lib/jvm/java-7-openjdk-amd64/jre/lib/rt.jar
7fd1dd3b3000-7fd1dd72c000 rw-p 00000000 00:00 0 
7fd1dd72c000-7fd1dd72d000 ---p 00000000 00:00 0 
7fd1dd72d000-7fd1dd82d000 rw-p 00000000 00:00 0                          [stack:3173]
7fd1dd82d000-7fd1dd82e000 ---p 00000000 00:00 0 
7fd1dd82e000-7fd1dd93f000 rw-p 00000000 00:00 0                          [stack:3172]
7fd1dd93f000-7fd1dd9ae000 rw-p 00000000 00:00 0 
7fd1dd9ae000-7fd1dd9b9000 rw-p 00000000 00:00 0 
7fd1dd9b9000-7fd1ddb04000 rw-p 00000000 00:00 0 
7fd1ddb04000-7fd1ddb15000 rw-p 00000000 00:00 0 
7fd1ddb15000-7fd1ddb84000 rw-p 00000000 00:00 0 
7fd1ddb84000-7fd1ddb8f000 rw-p 00000000 00:00 0 
7fd1ddb8f000-7fd1ddcd9000 rw-p 00000000 00:00 0 
7fd1ddcd9000-7fd1ddcfe000 rw-p 00000000 00:00 0 
7fd1ddcfe000-7fd1ddd84000 rw-p 00000000 00:00 0 
7fd1ddd84000-7fd1ddd85000 rw-p 00000000 00:00 0 
7fd1ddd85000-7fd1ddd8d000 r-xp 00000000 08:06 31071530                   /usr/lib/jvm/java-7-openjdk-amd64/jre/lib/amd64/libzip.so
7fd1ddd8d000-7fd1ddf8c000 ---p 00008000 08:06 31071530                   /usr/lib/jvm/java-7-openjdk-amd64/jre/lib/amd64/libzip.so
7fd1ddf8c000-7fd1ddf8d000 r--p 00007000 08:06 31071530                   /usr/lib/jvm/java-7-openjdk-amd64/jre/lib/amd64/libzip.so
7fd1ddf8d000-7fd1ddf8e000 rw-p 00008000 08:06 31071530                   /usr/lib/jvm/java-7-openjdk-amd64/jre/lib/amd64/libzip.so
7fd1ddf8e000-7fd1ddf99000 r-xp 00000000 08:06 24641767                   /lib/x86_64-linux-gnu/libnss_files-2.19.so
7fd1ddf99000-7fd1de198000 ---p 0000b000 08:06 24641767                   /lib/x86_64-linux-gnu/libnss_files-2.19.so
7fd1de198000-7fd1de199000 r--p 0000a000 08:06 24641767                   /lib/x86_64-linux-gnu/libnss_files-2.19.so
7fd1de199000-7fd1de19a000 rw-p 0000b000 08:06 24641767                   /lib/x86_64-linux-gnu/libnss_files-2.19.so
7fd1de19a000-7fd1de1a5000 r-xp 00000000 08:06 24641803                   /lib/x86_64-linux-gnu/libnss_nis-2.19.so
7fd1de1a5000-7fd1de3a4000 ---p 0000b000 08:06 24641803                   /lib/x86_64-linux-gnu/libnss_nis-2.19.so
7fd1de3a4000-7fd1de3a5000 r--p 0000a000 08:06 24641803                   /lib/x86_64-linux-gnu/libnss_nis-2.19.so
7fd1de3a5000-7fd1de3a6000 rw-p 0000b000 08:06 24641803                   /lib/x86_64-linux-gnu/libnss_nis-2.19.so
7fd1de3a6000-7fd1de3bd000 r-xp 00000000 08:06 24641792                   /lib/x86_64-linux-gnu/libnsl-2.19.so
7fd1de3bd000-7fd1de5bc000 ---p 00017000 08:06 24641792                   /lib/x86_64-linux-gnu/libnsl-2.19.so
7fd1de5bc000-7fd1de5bd000 r--p 00016000 08:06 24641792                   /lib/x86_64-linux-gnu/libnsl-2.19.so
7fd1de5bd000-7fd1de5be000 rw-p 00017000 08:06 24641792                   /lib/x86_64-linux-gnu/libnsl-2.19.so
7fd1de5be000-7fd1de5c0000 rw-p 00000000 00:00 0 
7fd1de5c0000-7fd1de5c9000 r-xp 00000000 08:06 24641791                   /lib/x86_64-linux-gnu/libnss_compat-2.19.so
7fd1de5c9000-7fd1de7c8000 ---p 00009000 08:06 24641791                   /lib/x86_64-linux-gnu/libnss_compat-2.19.so
7fd1de7c8000-7fd1de7c9000 r--p 00008000 08:06 24641791                   /lib/x86_64-linux-gnu/libnss_compat-2.19.so
7fd1de7c9000-7fd1de7ca000 rw-p 00009000 08:06 24641791                   /lib/x86_64-linux-gnu/libnss_compat-2.19.so
7fd1de7ca000-7fd1de7f5000 r-xp 00000000 08:06 31073291                   /usr/lib/jvm/java-7-openjdk-amd64/jre/lib/amd64/libjava.so
7fd1de7f5000-7fd1de9f4000 ---p 0002b000 08:06 31073291                   /usr/lib/jvm/java-7-openjdk-amd64/jre/lib/amd64/libjava.so
7fd1de9f4000-7fd1de9f5000 r--p 0002a000 08:06 31073291                   /usr/lib/jvm/java-7-openjdk-amd64/jre/lib/amd64/libjava.so
7fd1de9f5000-7fd1de9f7000 rw-p 0002b000 08:06 31073291                   /usr/lib/jvm/java-7-openjdk-amd64/jre/lib/amd64/libjava.so
7fd1de9f7000-7fd1dea07000 r-xp 00000000 08:06 31071546                   /usr/lib/jvm/java-7-openjdk-amd64/jre/lib/amd64/libverify.so
7fd1dea07000-7fd1dec06000 ---p 00010000 08:06 31071546                   /usr/lib/jvm/java-7-openjdk-amd64/jre/lib/amd64/libverify.so
7fd1dec06000-7fd1dec08000 r--p 0000f000 08:06 31071546                   /usr/lib/jvm/java-7-openjdk-amd64/jre/lib/amd64/libverify.so
7fd1dec08000-7fd1dec09000 rw-p 00011000 08:06 31071546                   /usr/lib/jvm/java-7-openjdk-amd64/jre/lib/amd64/libverify.so
7fd1dec09000-7fd1dec10000 r-xp 00000000 08:06 24641800                   /lib/x86_64-linux-gnu/librt-2.19.so
7fd1dec10000-7fd1dee0f000 ---p 00007000 08:06 24641800                   /lib/x86_64-linux-gnu/librt-2.19.so
7fd1dee0f000-7fd1dee10000 r--p 00006000 08:06 24641800                   /lib/x86_64-linux-gnu/librt-2.19.so
7fd1dee10000-7fd1dee11000 rw-p 00007000 08:06 24641800                   /lib/x86_64-linux-gnu/librt-2.19.so
7fd1dee11000-7fd1dee27000 r-xp 00000000 08:06 24645484                   /lib/x86_64-linux-gnu/libgcc_s.so.1
7fd1dee27000-7fd1df026000 ---p 00016000 08:06 24645484                   /lib/x86_64-linux-gnu/libgcc_s.so.1
7fd1df026000-7fd1df027000 rw-p 00015000 08:06 24645484                   /lib/x86_64-linux-gnu/libgcc_s.so.1
7fd1df027000-7fd1df12c000 r-xp 00000000 08:06 24641766                   /lib/x86_64-linux-gnu/libm-2.19.so
7fd1df12c000-7fd1df32b000 ---p 00105000 08:06 24641766                   /lib/x86_64-linux-gnu/libm-2.19.so
7fd1df32b000-7fd1df32c000 r--p 00104000 08:06 24641766                   /lib/x86_64-linux-gnu/libm-2.19.so
7fd1df32c000-7fd1df32d000 rw-p 00105000 08:06 24641766                   /lib/x86_64-linux-gnu/libm-2.19.so
7fd1df32d000-7fd1df413000 r-xp 00000000 08:06 30019751                   /usr/lib/x86_64-linux-gnu/libstdc++.so.6.0.19
7fd1df413000-7fd1df612000 ---p 000e6000 08:06 30019751                   /usr/lib/x86_64-linux-gnu/libstdc++.so.6.0.19
7fd1df612000-7fd1df61a000 r--p 000e5000 08:06 30019751                   /usr/lib/x86_64-linux-gnu/libstdc++.so.6.0.19
7fd1df61a000-7fd1df61c000 rw-p 000ed000 08:06 30019751                   /usr/lib/x86_64-linux-gnu/libstdc++.so.6.0.19
7fd1df61c000-7fd1df631000 rw-p 00000000 00:00 0 
7fd1df631000-7fd1e014a000 r-xp 00000000 08:06 31071534                   /usr/lib/jvm/java-7-openjdk-amd64/jre/lib/amd64/server/libjvm.so
7fd1e014a000-7fd1e034a000 ---p 00b19000 08:06 31071534                   /usr/lib/jvm/java-7-openjdk-amd64/jre/lib/amd64/server/libjvm.so
7fd1e034a000-7fd1e03e4000 r--p 00b19000 08:06 31071534                   /usr/lib/jvm/java-7-openjdk-amd64/jre/lib/amd64/server/libjvm.so
7fd1e03e4000-7fd1e0407000 rw-p 00bb3000 08:06 31071534                   /usr/lib/jvm/java-7-openjdk-amd64/jre/lib/amd64/server/libjvm.so
7fd1e0407000-7fd1e0435000 rw-p 00000000 00:00 0 
7fd1e0435000-7fd1e044d000 r-xp 00000000 08:06 24645670                   /lib/x86_64-linux-gnu/libz.so.1.2.8
7fd1e044d000-7fd1e064c000 ---p 00018000 08:06 24645670                   /lib/x86_64-linux-gnu/libz.so.1.2.8
7fd1e064c000-7fd1e064d000 r--p 00017000 08:06 24645670                   /lib/x86_64-linux-gnu/libz.so.1.2.8
7fd1e064d000-7fd1e064e000 rw-p 00018000 08:06 24645670                   /lib/x86_64-linux-gnu/libz.so.1.2.8
7fd1e064e000-7fd1e0667000 r-xp 00000000 08:06 24641798                   /lib/x86_64-linux-gnu/libpthread-2.19.so
7fd1e0667000-7fd1e0866000 ---p 00019000 08:06 24641798                   /lib/x86_64-linux-gnu/libpthread-2.19.so
7fd1e0866000-7fd1e0867000 r--p 00018000 08:06 24641798                   /lib/x86_64-linux-gnu/libpthread-2.19.so
7fd1e0867000-7fd1e0868000 rw-p 00019000 08:06 24641798                   /lib/x86_64-linux-gnu/libpthread-2.19.so
7fd1e0868000-7fd1e086c000 rw-p 00000000 00:00 0 
7fd1e086c000-7fd1e086f000 r-xp 00000000 08:06 24641786                   /lib/x86_64-linux-gnu/libdl-2.19.so
7fd1e086f000-7fd1e0a6e000 ---p 00003000 08:06 24641786                   /lib/x86_64-linux-gnu/libdl-2.19.so
7fd1e0a6e000-7fd1e0a6f000 r--p 00002000 08:06 24641786                   /lib/x86_64-linux-gnu/libdl-2.19.so
7fd1e0a6f000-7fd1e0a70000 rw-p 00003000 08:06 24641786                   /lib/x86_64-linux-gnu/libdl-2.19.so
7fd1e0a70000-7fd1e0c2b000 r-xp 00000000 08:06 24641797                   /lib/x86_64-linux-gnu/libc-2.19.so
7fd1e0c2b000-7fd1e0e2a000 ---p 001bb000 08:06 24641797                   /lib/x86_64-linux-gnu/libc-2.19.so
7fd1e0e2a000-7fd1e0e2e000 r--p 001ba000 08:06 24641797                   /lib/x86_64-linux-gnu/libc-2.19.so
7fd1e0e2e000-7fd1e0e30000 rw-p 001be000 08:06 24641797                   /lib/x86_64-linux-gnu/libc-2.19.so
7fd1e0e30000-7fd1e0e35000 rw-p 00000000 00:00 0 
7fd1e0e35000-7fd1e0e42000 r-xp 00000000 08:06 31071532                   /usr/lib/jvm/java-7-openjdk-amd64/jre/lib/amd64/jli/libjli.so
7fd1e0e42000-7fd1e1041000 ---p 0000d000 08:06 31071532                   /usr/lib/jvm/java-7-openjdk-amd64/jre/lib/amd64/jli/libjli.so
7fd1e1041000-7fd1e1042000 r--p 0000c000 08:06 31071532                   /usr/lib/jvm/java-7-openjdk-amd64/jre/lib/amd64/jli/libjli.so
7fd1e1042000-7fd1e1043000 rw-p 0000d000 08:06 31071532                   /usr/lib/jvm/java-7-openjdk-amd64/jre/lib/amd64/jli/libjli.so
7fd1e1043000-7fd1e1066000 r-xp 00000000 08:06 24641794                   /lib/x86_64-linux-gnu/ld-2.19.so
7fd1e1066000-7fd1e106a000 r--s 0003c000 08:06 31199185                   /usr/lib/jvm/java-7-openjdk-amd64/jre/lib/ext/sunpkcs11.jar
7fd1e106a000-7fd1e106c000 r--s 00012000 08:06 31201013                   /usr/lib/jvm/java-7-openjdk-amd64/jre/lib/ext/zipfs.jar
7fd1e106c000-7fd1e1070000 r--s 00034000 08:06 31195513                   /usr/lib/jvm/java-7-openjdk-amd64/jre/lib/ext/sunjce_provider.jar
7fd1e1070000-7fd1e1072000 r--s 00006000 08:06 30413266                   /usr/share/java/java-atk-wrapper.jar
7fd1e1072000-7fd1e107e000 rw-p 00000000 00:00 0 
7fd1e107e000-7fd1e1132000 rw-p 00000000 00:00 0 
7fd1e1132000-7fd1e1135000 ---p 00000000 00:00 0 
7fd1e1135000-7fd1e1238000 rw-p 00000000 00:00 0                          [stack:3171]
7fd1e1238000-7fd1e1239000 r--s 00002000 08:06 31195510                   /usr/lib/jvm/java-7-openjdk-amd64/jre/lib/ext/dnsns.jar
7fd1e1239000-7fd1e123c000 r--s 0000f000 08:06 31199189                   /usr/lib/jvm/java-7-openjdk-amd64/jre/lib/ext/icedtea-sound.jar
7fd1e123c000-7fd1e1240000 r--s 00085000 08:06 31195509                   /usr/lib/jvm/java-7-openjdk-amd64/jre/lib/ext/localedata.jar
7fd1e1240000-7fd1e1259000 rw-p 00000000 00:00 0 
7fd1e1259000-7fd1e1261000 rw-s 00000000 08:06 11147979                   /tmp/hsperfdata_chenbotang/3169
7fd1e1261000-7fd1e1262000 rw-p 00000000 00:00 0 
7fd1e1262000-7fd1e1263000 ---p 00000000 00:00 0 
7fd1e1263000-7fd1e1265000 rw-p 00000000 00:00 0 
7fd1e1265000-7fd1e1266000 r--p 00022000 08:06 24641794                   /lib/x86_64-linux-gnu/ld-2.19.so
7fd1e1266000-7fd1e1267000 rw-p 00023000 08:06 24641794                   /lib/x86_64-linux-gnu/ld-2.19.so
7fd1e1267000-7fd1e1268000 rw-p 00000000 00:00 0 
7ffc83341000-7ffc83363000 rw-p 00000000 00:00 0                          [stack]
7ffc833c5000-7ffc833c7000 r-xp 00000000 00:00 0                          [vdso]
ffffffffff600000-ffffffffff601000 r-xp 00000000 00:00 0                  [vsyscall]

VM Arguments:
jvm_args: -XX:MaxPermSize=256m -XX:+HeapDumpOnOutOfMemoryError -Xmx1024m -Dfile.encoding=UTF-8 -Duser.country=US -Duser.language=en -Duser.variant 
java_command: org.gradle.launcher.daemon.bootstrap.GradleDaemon 2.4 /home/chenbotang/.gradle /home/chenbotang/.gradle/daemon 10800000 596495d0-0456-40d2-b6c5-52a4e9861268 -XX:MaxPermSize=256m -XX:+HeapDumpOnOutOfMemoryError -Xmx1024m -Dfile.encoding=UTF-8 -Duser.country=US -Duser.language=en -Duser.variant
Launcher Type: SUN_STANDARD

Environment Variables:
PATH=/usr/local/sbin:/usr/local/bin:/usr/sbin:/usr/bin:/sbin:/bin:/usr/games:/usr/local/games
LD_LIBRARY_PATH=.:
SHELL=/bin/bash
DISPLAY=:0

Signal Handlers:
SIGSEGV: [libjvm.so+0x94bab0], sa_mask[0]=0x7ffbfeff, sa_flags=0x10000004
SIGBUS: [libjvm.so+0x94bab0], sa_mask[0]=0x7ffbfeff, sa_flags=0x10000004
SIGFPE: [libjvm.so+0x7c38b0], sa_mask[0]=0x7ffbfeff, sa_flags=0x10000004
SIGPIPE: [libjvm.so+0x7c38b0], sa_mask[0]=0x7ffbfeff, sa_flags=0x10000004
SIGXFSZ: [libjvm.so+0x7c38b0], sa_mask[0]=0x7ffbfeff, sa_flags=0x10000004
SIGILL: [libjvm.so+0x7c38b0], sa_mask[0]=0x7ffbfeff, sa_flags=0x10000004
SIGUSR1: SIG_DFL, sa_mask[0]=0x00000000, sa_flags=0x00000000
SIGUSR2: [libjvm.so+0x7c3750], sa_mask[0]=0x00000004, sa_flags=0x10000004
SIGHUP: [libjvm.so+0x7c3930], sa_mask[0]=0x7ffbfeff, sa_flags=0x10000004
SIGINT: [libjvm.so+0x7c3930], sa_mask[0]=0x7ffbfeff, sa_flags=0x10000004
SIGTERM: [libjvm.so+0x7c3930], sa_mask[0]=0x7ffbfeff, sa_flags=0x10000004
SIGQUIT: [libjvm.so+0x7c3930], sa_mask[0]=0x7ffbfeff, sa_flags=0x10000004
SIGTRAP: SIG_DFL, sa_mask[0]=0x00000000, sa_flags=0x00000000


---------------  S Y S T E M  ---------------

OS:Ubuntu 14.04 (trusty)
uname:Linux 3.13.0-55-generic #94-Ubuntu SMP Thu Jun 18 00:27:10 UTC 2015 x86_64
libc:glibc 2.19 NPTL 2.19 
rlimit: STACK 8192k, CORE 0k, NPROC 15773, NOFILE 4096, AS infinity
load average:6.03 3.50 2.08

/proc/meminfo:
MemTotal:        2049092 kB
MemFree:           69036 kB
Buffers:             408 kB
Cached:            52096 kB
SwapCached:            0 kB
Active:          1814912 kB
Inactive:          42040 kB
Active(anon):    1805800 kB
Inactive(anon):    25984 kB
Active(file):       9112 kB
Inactive(file):    16056 kB
Unevictable:          32 kB
Mlocked:              32 kB
SwapTotal:             0 kB
SwapFree:              0 kB
Dirty:              1104 kB
Writeback:             0 kB
AnonPages:       1804600 kB
Mapped:            40436 kB
Shmem:             27216 kB
Slab:              58180 kB
SReclaimable:      25028 kB
SUnreclaim:        33152 kB
KernelStack:        3456 kB
PageTables:        22084 kB
NFS_Unstable:          0 kB
Bounce:                0 kB
WritebackTmp:          0 kB
CommitLimit:     1024544 kB
Committed_AS:    3685132 kB
VmallocTotal:   34359738367 kB
VmallocUsed:      285008 kB
VmallocChunk:   34359406332 kB
HardwareCorrupted:     0 kB
AnonHugePages:    632832 kB
HugePages_Total:       0
HugePages_Free:        0
HugePages_Rsvd:        0
HugePages_Surp:        0
Hugepagesize:       2048 kB
DirectMap4k:       65088 kB
DirectMap2M:     2031616 kB
DirectMap1G:           0 kB


CPU:total 2 (2 cores per cpu, 1 threads per core) family 16 model 6 stepping 3, cmov, cx8, fxsr, mmx, sse, sse2, sse3, popcnt, mmxext, 3dnowpref, lzcnt, sse4a, tsc, tscinvbit, tscinv

/proc/cpuinfo:
processor	: 0
vendor_id	: AuthenticAMD
cpu family	: 16
model		: 6
model name	: AMD Athlon(tm) II X2 220 Processor
stepping	: 3
microcode	: 0x10000b6
cpu MHz		: 1600.000
cache size	: 512 KB
physical id	: 0
siblings	: 2
core id		: 0
cpu cores	: 2
apicid		: 0
initial apicid	: 0
fpu		: yes
fpu_exception	: yes
cpuid level	: 5
wp		: yes
flags		: fpu vme de pse tsc msr pae mce cx8 apic sep mtrr pge mca cmov pat pse36 clflush mmx fxsr sse sse2 ht syscall nx mmxext fxsr_opt pdpe1gb rdtscp lm 3dnowext 3dnow constant_tsc rep_good nopl nonstop_tsc extd_apicid pni monitor cx16 popcnt lahf_lm cmp_legacy svm extapic cr8_legacy abm sse4a misalignsse 3dnowprefetch osvw ibs skinit wdt hw_pstate npt lbrv svm_lock nrip_save vmmcall
bogomips	: 5625.68
TLB size	: 1024 4K pages
clflush size	: 64
cache_alignment	: 64
address sizes	: 48 bits physical, 48 bits virtual
power management: ts ttp tm stc 100mhzsteps hwpstate

processor	: 1
vendor_id	: AuthenticAMD
cpu family	: 16
model		: 6
model name	: AMD Athlon(tm) II X2 220 Processor
stepping	: 3
microcode	: 0x10000b6
cpu MHz		: 800.000
cache size	: 512 KB
physical id	: 0
siblings	: 2
core id		: 1
cpu cores	: 2
apicid		: 1
initial apicid	: 1
fpu		: yes
fpu_exception	: yes
cpuid level	: 5
wp		: yes
flags		: fpu vme de pse tsc msr pae mce cx8 apic sep mtrr pge mca cmov pat pse36 clflush mmx fxsr sse sse2 ht syscall nx mmxext fxsr_opt pdpe1gb rdtscp lm 3dnowext 3dnow constant_tsc rep_good nopl nonstop_tsc extd_apicid pni monitor cx16 popcnt lahf_lm cmp_legacy svm extapic cr8_legacy abm sse4a misalignsse 3dnowprefetch osvw ibs skinit wdt hw_pstate npt lbrv svm_lock nrip_save vmmcall
bogomips	: 5625.68
TLB size	: 1024 4K pages
clflush size	: 64
cache_alignment	: 64
address sizes	: 48 bits physical, 48 bits virtual
power management: ts ttp tm stc 100mhzsteps hwpstate



Memory: 4k page, physical 2049092k(69036k free), swap 0k(0k free)

vm_info: OpenJDK 64-Bit Server VM (24.79-b02) for linux-amd64 JRE (1.7.0_79-b14), built on Jul 24 2015 08:15:54 by "buildd" with gcc 4.8.2

time: Sun Aug  2 15:10:03 2015
elapsed time: 21 seconds

